warning: profiles for the non root package will be ignored, specify profiles at the workspace root:
package:   /Users/salvatore/subspace_neo/runtime/Cargo.toml
workspace: /Users/salvatore/subspace_neo/Cargo.toml
   Compiling pallet-subspace v4.0.0-dev (/Users/salvatore/subspace_neo/pallets/subspace)
   Compiling node-subspace-runtime v4.0.0-dev (/Users/salvatore/subspace_neo/runtime)
error[E0433]: failed to resolve: could not find `call` in `pallet`
   --> pallets/subspace/src/lib.rs:534:12
    |
534 |     #[pallet::call]
    |               ^^^^ could not find `call` in `pallet`

error[E0425]: cannot find value `LOG_TARGET` in this scope
   --> pallets/subspace/src/utils.rs:163:12
    |
163 |             target: LOG_TARGET,
    |                     ^^^^^^^^^^ not found in this scope
    |
help: consider importing this constant
    |
2   | use frame_support::LOG_TARGET;
    |

error[E0405]: cannot find trait `Hooks` in this scope
   --> pallets/subspace/src/lib.rs:516:18
    |
516 |     impl<T: Config> Hooks<BlockNumberFor<T>> for Pallet<T> { 
    |                     ^^^^^ not found in this scope
    |
help: consider importing this trait
    |
7   | use frame_support::pallet_prelude::Hooks;
    |

error[E0603]: attribute macro import `hooks` is private
    --> pallets/subspace/src/lib.rs:515:12
     |
515  |     #[pallet::hooks] 
     |               ^^^^^ private attribute macro import
     |
note: the attribute macro import `hooks` is defined here...
    --> pallets/subspace/src/lib.rs:73:6
     |
73   |     use frame_support::pallet_prelude::*;
     |         ^^^^^^^^^^^^^^^^^^^^^^^^^^^^^^^^
note: ...and refers to the attribute macro `hooks` which is defined here
    --> /Users/salvatore/.cargo/git/checkouts/substrate-7e08433d4c370a21/1837f42/frame/support/src/lib.rs:1474:10
     |
1474 |     pub use frame_support::pallet_macros::*;
     |             ^^^^^^^^^^^^^^^^^^^^^^^^^^^^^^^ consider importing it directly

error[E0603]: attribute macro import `weight` is private
    --> pallets/subspace/src/lib.rs:594:19
     |
594  |         #[pallet::weight((Weight::from_ref_time(10_151_000_000)
     |                   ^^^^^^ private attribute macro import
     |
note: the attribute macro import `weight` is defined here...
    --> pallets/subspace/src/lib.rs:73:6
     |
73   |     use frame_support::pallet_prelude::*;
     |         ^^^^^^^^^^^^^^^^^^^^^^^^^^^^^^^^
note: ...and refers to the attribute macro `weight` which is defined here
    --> /Users/salvatore/.cargo/git/checkouts/substrate-7e08433d4c370a21/1837f42/frame/support/src/lib.rs:1474:10
     |
1474 |     pub use frame_support::pallet_macros::*;
     |             ^^^^^^^^^^^^^^^^^^^^^^^^^^^^^^^ consider importing it directly

error[E0603]: attribute macro import `weight` is private
    --> pallets/subspace/src/lib.rs:639:13
     |
639  |         #[pallet::weight((Weight::from_ref_time(65_000_000)
     |                   ^^^^^^ private attribute macro import
     |
note: the attribute macro import `weight` is defined here...
    --> pallets/subspace/src/lib.rs:73:6
     |
73   |     use frame_support::pallet_prelude::*;
     |         ^^^^^^^^^^^^^^^^^^^^^^^^^^^^^^^^
note: ...and refers to the attribute macro `weight` which is defined here
    --> /Users/salvatore/.cargo/git/checkouts/substrate-7e08433d4c370a21/1837f42/frame/support/src/lib.rs:1474:10
     |
1474 |     pub use frame_support::pallet_macros::*;
     |             ^^^^^^^^^^^^^^^^^^^^^^^^^^^^^^^ consider importing it directly

error[E0603]: attribute macro import `weight` is private
    --> pallets/subspace/src/lib.rs:676:13
     |
676  |         #[pallet::weight((Weight::from_ref_time(66_000_000)
     |                   ^^^^^^ private attribute macro import
     |
note: the attribute macro import `weight` is defined here...
    --> pallets/subspace/src/lib.rs:73:6
     |
73   |     use frame_support::pallet_prelude::*;
     |         ^^^^^^^^^^^^^^^^^^^^^^^^^^^^^^^^
note: ...and refers to the attribute macro `weight` which is defined here
    --> /Users/salvatore/.cargo/git/checkouts/substrate-7e08433d4c370a21/1837f42/frame/support/src/lib.rs:1474:10
     |
1474 |     pub use frame_support::pallet_macros::*;
     |             ^^^^^^^^^^^^^^^^^^^^^^^^^^^^^^^ consider importing it directly

error[E0603]: attribute macro import `weight` is private
    --> pallets/subspace/src/lib.rs:735:13
     |
735  |         #[pallet::weight((Weight::from_ref_time(19_000_000)
     |                   ^^^^^^ private attribute macro import
     |
note: the attribute macro import `weight` is defined here...
    --> pallets/subspace/src/lib.rs:73:6
     |
73   |     use frame_support::pallet_prelude::*;
     |         ^^^^^^^^^^^^^^^^^^^^^^^^^^^^^^^^
note: ...and refers to the attribute macro `weight` which is defined here
    --> /Users/salvatore/.cargo/git/checkouts/substrate-7e08433d4c370a21/1837f42/frame/support/src/lib.rs:1474:10
     |
1474 |     pub use frame_support::pallet_macros::*;
     |             ^^^^^^^^^^^^^^^^^^^^^^^^^^^^^^^ consider importing it directly

error[E0603]: attribute macro import `weight` is private
    --> pallets/subspace/src/lib.rs:787:13
     |
787  |         #[pallet::weight((Weight::from_ref_time(91_000_000)
     |                   ^^^^^^ private attribute macro import
     |
note: the attribute macro import `weight` is defined here...
    --> pallets/subspace/src/lib.rs:73:6
     |
73   |     use frame_support::pallet_prelude::*;
     |         ^^^^^^^^^^^^^^^^^^^^^^^^^^^^^^^^
note: ...and refers to the attribute macro `weight` which is defined here
    --> /Users/salvatore/.cargo/git/checkouts/substrate-7e08433d4c370a21/1837f42/frame/support/src/lib.rs:1474:10
     |
1474 |     pub use frame_support::pallet_macros::*;
     |             ^^^^^^^^^^^^^^^^^^^^^^^^^^^^^^^ consider importing it directly

error[E0603]: attribute macro import `weight` is private
    --> pallets/subspace/src/lib.rs:818:13
     |
818  |         #[pallet::weight((Weight::from_ref_time(10_000_000)
     |                   ^^^^^^ private attribute macro import
     |
note: the attribute macro import `weight` is defined here...
    --> pallets/subspace/src/lib.rs:73:6
     |
73   |     use frame_support::pallet_prelude::*;
     |         ^^^^^^^^^^^^^^^^^^^^^^^^^^^^^^^^
note: ...and refers to the attribute macro `weight` which is defined here
    --> /Users/salvatore/.cargo/git/checkouts/substrate-7e08433d4c370a21/1837f42/frame/support/src/lib.rs:1474:10
     |
1474 |     pub use frame_support::pallet_macros::*;
     |             ^^^^^^^^^^^^^^^^^^^^^^^^^^^^^^^ consider importing it directly

error[E0603]: attribute macro import `weight` is private
    --> pallets/subspace/src/lib.rs:825:13
     |
825  |         #[pallet::weight((0, DispatchClass::Operational, Pays::No))]
     |                   ^^^^^^ private attribute macro import
     |
note: the attribute macro import `weight` is defined here...
    --> pallets/subspace/src/lib.rs:73:6
     |
73   |     use frame_support::pallet_prelude::*;
     |         ^^^^^^^^^^^^^^^^^^^^^^^^^^^^^^^^
note: ...and refers to the attribute macro `weight` which is defined here
    --> /Users/salvatore/.cargo/git/checkouts/substrate-7e08433d4c370a21/1837f42/frame/support/src/lib.rs:1474:10
     |
1474 |     pub use frame_support::pallet_macros::*;
     |             ^^^^^^^^^^^^^^^^^^^^^^^^^^^^^^^ consider importing it directly

error[E0603]: attribute macro import `weight` is private
    --> pallets/subspace/src/lib.rs:830:13
     |
830  |         #[pallet::weight((Weight::from_ref_time(15_000_000)
     |                   ^^^^^^ private attribute macro import
     |
note: the attribute macro import `weight` is defined here...
    --> pallets/subspace/src/lib.rs:73:6
     |
73   |     use frame_support::pallet_prelude::*;
     |         ^^^^^^^^^^^^^^^^^^^^^^^^^^^^^^^^
note: ...and refers to the attribute macro `weight` which is defined here
    --> /Users/salvatore/.cargo/git/checkouts/substrate-7e08433d4c370a21/1837f42/frame/support/src/lib.rs:1474:10
     |
1474 |     pub use frame_support::pallet_macros::*;
     |             ^^^^^^^^^^^^^^^^^^^^^^^^^^^^^^^ consider importing it directly

error[E0603]: attribute macro import `weight` is private
    --> pallets/subspace/src/lib.rs:836:13
     |
836  |         #[pallet::weight((Weight::from_ref_time(14_000_000)
     |                   ^^^^^^ private attribute macro import
     |
note: the attribute macro import `weight` is defined here...
    --> pallets/subspace/src/lib.rs:73:6
     |
73   |     use frame_support::pallet_prelude::*;
     |         ^^^^^^^^^^^^^^^^^^^^^^^^^^^^^^^^
note: ...and refers to the attribute macro `weight` which is defined here
    --> /Users/salvatore/.cargo/git/checkouts/substrate-7e08433d4c370a21/1837f42/frame/support/src/lib.rs:1474:10
     |
1474 |     pub use frame_support::pallet_macros::*;
     |             ^^^^^^^^^^^^^^^^^^^^^^^^^^^^^^^ consider importing it directly

error[E0603]: attribute macro import `weight` is private
    --> pallets/subspace/src/lib.rs:842:13
     |
842  |         #[pallet::weight((Weight::from_ref_time(14_000_000)
     |                   ^^^^^^ private attribute macro import
     |
note: the attribute macro import `weight` is defined here...
    --> pallets/subspace/src/lib.rs:73:6
     |
73   |     use frame_support::pallet_prelude::*;
     |         ^^^^^^^^^^^^^^^^^^^^^^^^^^^^^^^^
note: ...and refers to the attribute macro `weight` which is defined here
    --> /Users/salvatore/.cargo/git/checkouts/substrate-7e08433d4c370a21/1837f42/frame/support/src/lib.rs:1474:10
     |
1474 |     pub use frame_support::pallet_macros::*;
     |             ^^^^^^^^^^^^^^^^^^^^^^^^^^^^^^^ consider importing it directly

error[E0603]: attribute macro import `weight` is private
    --> pallets/subspace/src/lib.rs:848:13
     |
848  |         #[pallet::weight((Weight::from_ref_time(13_000_000)
     |                   ^^^^^^ private attribute macro import
     |
note: the attribute macro import `weight` is defined here...
    --> pallets/subspace/src/lib.rs:73:6
     |
73   |     use frame_support::pallet_prelude::*;
     |         ^^^^^^^^^^^^^^^^^^^^^^^^^^^^^^^^
note: ...and refers to the attribute macro `weight` which is defined here
    --> /Users/salvatore/.cargo/git/checkouts/substrate-7e08433d4c370a21/1837f42/frame/support/src/lib.rs:1474:10
     |
1474 |     pub use frame_support::pallet_macros::*;
     |             ^^^^^^^^^^^^^^^^^^^^^^^^^^^^^^^ consider importing it directly

error[E0603]: attribute macro import `weight` is private
    --> pallets/subspace/src/lib.rs:854:13
     |
854  |         #[pallet::weight((Weight::from_ref_time(14_000_000)
     |                   ^^^^^^ private attribute macro import
     |
note: the attribute macro import `weight` is defined here...
    --> pallets/subspace/src/lib.rs:73:6
     |
73   |     use frame_support::pallet_prelude::*;
     |         ^^^^^^^^^^^^^^^^^^^^^^^^^^^^^^^^
note: ...and refers to the attribute macro `weight` which is defined here
    --> /Users/salvatore/.cargo/git/checkouts/substrate-7e08433d4c370a21/1837f42/frame/support/src/lib.rs:1474:10
     |
1474 |     pub use frame_support::pallet_macros::*;
     |             ^^^^^^^^^^^^^^^^^^^^^^^^^^^^^^^ consider importing it directly

error[E0603]: attribute macro import `weight` is private
    --> pallets/subspace/src/lib.rs:860:13
     |
860  |         #[pallet::weight((Weight::from_ref_time(14_000_000)
     |                   ^^^^^^ private attribute macro import
     |
note: the attribute macro import `weight` is defined here...
    --> pallets/subspace/src/lib.rs:73:6
     |
73   |     use frame_support::pallet_prelude::*;
     |         ^^^^^^^^^^^^^^^^^^^^^^^^^^^^^^^^
note: ...and refers to the attribute macro `weight` which is defined here
    --> /Users/salvatore/.cargo/git/checkouts/substrate-7e08433d4c370a21/1837f42/frame/support/src/lib.rs:1474:10
     |
1474 |     pub use frame_support::pallet_macros::*;
     |             ^^^^^^^^^^^^^^^^^^^^^^^^^^^^^^^ consider importing it directly

error[E0603]: attribute macro import `weight` is private
    --> pallets/subspace/src/lib.rs:866:13
     |
866  |         #[pallet::weight((Weight::from_ref_time(13_000_000)
     |                   ^^^^^^ private attribute macro import
     |
note: the attribute macro import `weight` is defined here...
    --> pallets/subspace/src/lib.rs:73:6
     |
73   |     use frame_support::pallet_prelude::*;
     |         ^^^^^^^^^^^^^^^^^^^^^^^^^^^^^^^^
note: ...and refers to the attribute macro `weight` which is defined here
    --> /Users/salvatore/.cargo/git/checkouts/substrate-7e08433d4c370a21/1837f42/frame/support/src/lib.rs:1474:10
     |
1474 |     pub use frame_support::pallet_macros::*;
     |             ^^^^^^^^^^^^^^^^^^^^^^^^^^^^^^^ consider importing it directly

error[E0603]: attribute macro import `weight` is private
    --> pallets/subspace/src/lib.rs:873:13
     |
873  |         #[pallet::weight((Weight::from_ref_time(18_000_000)
     |                   ^^^^^^ private attribute macro import
     |
note: the attribute macro import `weight` is defined here...
    --> pallets/subspace/src/lib.rs:73:6
     |
73   |     use frame_support::pallet_prelude::*;
     |         ^^^^^^^^^^^^^^^^^^^^^^^^^^^^^^^^
note: ...and refers to the attribute macro `weight` which is defined here
    --> /Users/salvatore/.cargo/git/checkouts/substrate-7e08433d4c370a21/1837f42/frame/support/src/lib.rs:1474:10
     |
1474 |     pub use frame_support::pallet_macros::*;
     |             ^^^^^^^^^^^^^^^^^^^^^^^^^^^^^^^ consider importing it directly

error[E0603]: attribute macro import `weight` is private
    --> pallets/subspace/src/lib.rs:879:13
     |
879  |         #[pallet::weight((Weight::from_ref_time(13_000_000)
     |                   ^^^^^^ private attribute macro import
     |
note: the attribute macro import `weight` is defined here...
    --> pallets/subspace/src/lib.rs:73:6
     |
73   |     use frame_support::pallet_prelude::*;
     |         ^^^^^^^^^^^^^^^^^^^^^^^^^^^^^^^^
note: ...and refers to the attribute macro `weight` which is defined here
    --> /Users/salvatore/.cargo/git/checkouts/substrate-7e08433d4c370a21/1837f42/frame/support/src/lib.rs:1474:10
     |
1474 |     pub use frame_support::pallet_macros::*;
     |             ^^^^^^^^^^^^^^^^^^^^^^^^^^^^^^^ consider importing it directly

error[E0603]: attribute macro import `weight` is private
    --> pallets/subspace/src/lib.rs:887:13
     |
887  |         #[pallet::weight((Weight::from_ref_time(13_000_000)
     |                   ^^^^^^ private attribute macro import
     |
note: the attribute macro import `weight` is defined here...
    --> pallets/subspace/src/lib.rs:73:6
     |
73   |     use frame_support::pallet_prelude::*;
     |         ^^^^^^^^^^^^^^^^^^^^^^^^^^^^^^^^
note: ...and refers to the attribute macro `weight` which is defined here
    --> /Users/salvatore/.cargo/git/checkouts/substrate-7e08433d4c370a21/1837f42/frame/support/src/lib.rs:1474:10
     |
1474 |     pub use frame_support::pallet_macros::*;
     |             ^^^^^^^^^^^^^^^^^^^^^^^^^^^^^^^ consider importing it directly

error[E0603]: attribute macro import `weight` is private
    --> pallets/subspace/src/lib.rs:893:13
     |
893  |         #[pallet::weight((Weight::from_ref_time(13_000_000)
     |                   ^^^^^^ private attribute macro import
     |
note: the attribute macro import `weight` is defined here...
    --> pallets/subspace/src/lib.rs:73:6
     |
73   |     use frame_support::pallet_prelude::*;
     |         ^^^^^^^^^^^^^^^^^^^^^^^^^^^^^^^^
note: ...and refers to the attribute macro `weight` which is defined here
    --> /Users/salvatore/.cargo/git/checkouts/substrate-7e08433d4c370a21/1837f42/frame/support/src/lib.rs:1474:10
     |
1474 |     pub use frame_support::pallet_macros::*;
     |             ^^^^^^^^^^^^^^^^^^^^^^^^^^^^^^^ consider importing it directly

error[E0603]: attribute macro import `weight` is private
    --> pallets/subspace/src/lib.rs:899:13
     |
899  |         #[pallet::weight((Weight::from_ref_time(15_000_000)
     |                   ^^^^^^ private attribute macro import
     |
note: the attribute macro import `weight` is defined here...
    --> pallets/subspace/src/lib.rs:73:6
     |
73   |     use frame_support::pallet_prelude::*;
     |         ^^^^^^^^^^^^^^^^^^^^^^^^^^^^^^^^
note: ...and refers to the attribute macro `weight` which is defined here
    --> /Users/salvatore/.cargo/git/checkouts/substrate-7e08433d4c370a21/1837f42/frame/support/src/lib.rs:1474:10
     |
1474 |     pub use frame_support::pallet_macros::*;
     |             ^^^^^^^^^^^^^^^^^^^^^^^^^^^^^^^ consider importing it directly

error[E0603]: attribute macro import `weight` is private
    --> pallets/subspace/src/lib.rs:908:13
     |
908  |         #[pallet::weight((0, DispatchClass::Normal, Pays::No))]
     |                   ^^^^^^ private attribute macro import
     |
note: the attribute macro import `weight` is defined here...
    --> pallets/subspace/src/lib.rs:73:6
     |
73   |     use frame_support::pallet_prelude::*;
     |         ^^^^^^^^^^^^^^^^^^^^^^^^^^^^^^^^
note: ...and refers to the attribute macro `weight` which is defined here
    --> /Users/salvatore/.cargo/git/checkouts/substrate-7e08433d4c370a21/1837f42/frame/support/src/lib.rs:1474:10
     |
1474 |     pub use frame_support::pallet_macros::*;
     |             ^^^^^^^^^^^^^^^^^^^^^^^^^^^^^^^ consider importing it directly

error[E0603]: attribute macro import `weight` is private
    --> pallets/subspace/src/lib.rs:922:13
     |
922  |         #[pallet::weight((0, DispatchClass::Normal, Pays::No))]
     |                   ^^^^^^ private attribute macro import
     |
note: the attribute macro import `weight` is defined here...
    --> pallets/subspace/src/lib.rs:73:6
     |
73   |     use frame_support::pallet_prelude::*;
     |         ^^^^^^^^^^^^^^^^^^^^^^^^^^^^^^^^
note: ...and refers to the attribute macro `weight` which is defined here
    --> /Users/salvatore/.cargo/git/checkouts/substrate-7e08433d4c370a21/1837f42/frame/support/src/lib.rs:1474:10
     |
1474 |     pub use frame_support::pallet_macros::*;
     |             ^^^^^^^^^^^^^^^^^^^^^^^^^^^^^^^ consider importing it directly

error[E0603]: attribute macro import `weight` is private
    --> pallets/subspace/src/lib.rs:951:13
     |
951  |         #[pallet::weight((Weight::from_ref_time(49_882_000_000)
     |                   ^^^^^^ private attribute macro import
     |
note: the attribute macro import `weight` is defined here...
    --> pallets/subspace/src/lib.rs:73:6
     |
73   |     use frame_support::pallet_prelude::*;
     |         ^^^^^^^^^^^^^^^^^^^^^^^^^^^^^^^^
note: ...and refers to the attribute macro `weight` which is defined here
    --> /Users/salvatore/.cargo/git/checkouts/substrate-7e08433d4c370a21/1837f42/frame/support/src/lib.rs:1474:10
     |
1474 |     pub use frame_support::pallet_macros::*;
     |             ^^^^^^^^^^^^^^^^^^^^^^^^^^^^^^^ consider importing it directly

error[E0603]: attribute macro import `weight` is private
    --> pallets/subspace/src/lib.rs:958:13
     |
958  |         #[pallet::weight((Weight::from_ref_time(117_586_465_000 as u64)
     |                   ^^^^^^ private attribute macro import
     |
note: the attribute macro import `weight` is defined here...
    --> pallets/subspace/src/lib.rs:73:6
     |
73   |     use frame_support::pallet_prelude::*;
     |         ^^^^^^^^^^^^^^^^^^^^^^^^^^^^^^^^
note: ...and refers to the attribute macro `weight` which is defined here
    --> /Users/salvatore/.cargo/git/checkouts/substrate-7e08433d4c370a21/1837f42/frame/support/src/lib.rs:1474:10
     |
1474 |     pub use frame_support::pallet_macros::*;
     |             ^^^^^^^^^^^^^^^^^^^^^^^^^^^^^^^ consider importing it directly

error[E0603]: attribute macro import `weight` is private
    --> pallets/subspace/src/lib.rs:965:13
     |
965  |         #[pallet::weight((0, DispatchClass::Normal, Pays::No))]
     |                   ^^^^^^ private attribute macro import
     |
note: the attribute macro import `weight` is defined here...
    --> pallets/subspace/src/lib.rs:73:6
     |
73   |     use frame_support::pallet_prelude::*;
     |         ^^^^^^^^^^^^^^^^^^^^^^^^^^^^^^^^
note: ...and refers to the attribute macro `weight` which is defined here
    --> /Users/salvatore/.cargo/git/checkouts/substrate-7e08433d4c370a21/1837f42/frame/support/src/lib.rs:1474:10
     |
1474 |     pub use frame_support::pallet_macros::*;
     |             ^^^^^^^^^^^^^^^^^^^^^^^^^^^^^^^ consider importing it directly

warning: unused import: `substrate_fixed::types::I110F18`
 --> pallets/subspace/src/block_step.rs:2:5
  |
2 | use substrate_fixed::types::I110F18;
  |     ^^^^^^^^^^^^^^^^^^^^^^^^^^^^^^^
  |
  = note: `#[warn(unused_imports)]` on by default

warning: unused import: `substrate_fixed::types::I64F64`
 --> pallets/subspace/src/block_step.rs:3:5
  |
3 | use substrate_fixed::types::I64F64;
  |     ^^^^^^^^^^^^^^^^^^^^^^^^^^^^^^

warning: unused import: `sp_std::vec`
 --> pallets/subspace/src/network.rs:3:21
  |
3 | use frame_support::{sp_std::vec};
  |                     ^^^^^^^^^^^

warning: unused import: `sp_std::convert::TryInto`
 --> pallets/subspace/src/registration.rs:3:5
  |
3 | use sp_std::convert::TryInto;
  |     ^^^^^^^^^^^^^^^^^^^^^^^^

warning: unused imports: `H256`, `U256`
 --> pallets/subspace/src/registration.rs:4:15
  |
4 | use sp_core::{H256, U256};
  |               ^^^^  ^^^^

warning: unused import: `crate::system::ensure_root`
 --> pallets/subspace/src/registration.rs:5:5
  |
5 | use crate::system::ensure_root;
  |     ^^^^^^^^^^^^^^^^^^^^^^^^^^

warning: unused import: `sp_io::hashing::sha2_256`
 --> pallets/subspace/src/registration.rs:6:5
  |
6 | use sp_io::hashing::sha2_256;
  |     ^^^^^^^^^^^^^^^^^^^^^^^^

warning: unused import: `sp_io::hashing::keccak_256`
 --> pallets/subspace/src/registration.rs:7:5
  |
7 | use sp_io::hashing::keccak_256;
  |     ^^^^^^^^^^^^^^^^^^^^^^^^^^

warning: unused import: `sp_std::vec::Vec`
 --> pallets/subspace/src/registration.rs:9:5
  |
9 | use sp_std::vec::Vec;
  |     ^^^^^^^^^^^^^^^^

warning: unused import: `substrate_fixed::types::I32F32`
  --> pallets/subspace/src/registration.rs:10:5
   |
10 | use substrate_fixed::types::I32F32;
   |     ^^^^^^^^^^^^^^^^^^^^^^^^^^^^^^

warning: unused import: `frame_support::sp_std::vec`
 --> pallets/subspace/src/serving.rs:3:5
  |
3 | use frame_support::sp_std::vec;
  |     ^^^^^^^^^^^^^^^^^^^^^^^^^^

warning: unused import: `frame_support::storage::IterableStorageMap`
 --> pallets/subspace/src/uids.rs:4:5
  |
4 | use frame_support::storage::IterableStorageMap;
  |     ^^^^^^^^^^^^^^^^^^^^^^^^^^^^^^^^^^^^^^^^^^

warning: unused import: `frame_system::pallet_prelude::*`
  --> pallets/subspace/src/lib.rs:74:6
   |
74 |     use frame_system::pallet_prelude::*;
   |         ^^^^^^^^^^^^^^^^^^^^^^^^^^^^^^^

warning: unused imports: `Deserialize`, `Serialize`
  --> pallets/subspace/src/lib.rs:77:14
   |
77 |     use serde::{Serialize, Deserialize};
   |                 ^^^^^^^^^  ^^^^^^^^^^^

warning: unused imports: `DisplayFromStr`, `serde_as`
  --> pallets/subspace/src/lib.rs:78:19
   |
78 |     use serde_with::{serde_as, DisplayFromStr};
   |                      ^^^^^^^^  ^^^^^^^^^^^^^^

warning: unused import: `scale_info::prelude::string::String`
  --> pallets/subspace/src/lib.rs:80:6
   |
80 |     use scale_info::prelude::string::String;
   |         ^^^^^^^^^^^^^^^^^^^^^^^^^^^^^^^^^^^

Some errors have detailed explanations: E0405, E0425, E0433, E0603.
For more information about an error, try `rustc --explain E0405`.
warning: `pallet-subspace` (lib) generated 16 warnings
error: could not compile `pallet-subspace` due to 28 previous errors; 16 warnings emitted
warning: build failed, waiting for other jobs to finish...
error: failed to run custom build command for `node-subspace-runtime v4.0.0-dev (/Users/salvatore/subspace_neo/runtime)`

Caused by:
  process didn't exit successfully: `/Users/salvatore/subspace_neo/target/release/build/node-subspace-runtime-41c01dc788c1af58/build-script-build` (exit status: 1)
  --- stdout
  [1;33mInformation that should be included in a bug report.[0m
  [1;33mExecuting build command:[0m RUSTFLAGS="-C link-arg=--export-table -Clink-arg=--export=__heap_base -C link-arg=--import-memory  " SKIP_WASM_BUILD="" "rustup" "run" "nightly" "cargo" "rustc" "--target=wasm32-unknown-unknown" "--manifest-path=/Users/salvatore/subspace_neo/target/release/wbuild/node-subspace-runtime/Cargo.toml" "--color=always" "--profile" "release"
  [1;33mUsing rustc version:[0m rustc 1.70.0-nightly (7b4f48927 2023-03-12)


  --- stderr
  [0m[0m[1m[32m   Compiling[0m pallet-subspace v4.0.0-dev (/Users/salvatore/subspace_neo/pallets/subspace)
  [0m[1m[38;5;9merror[E0433][0m[0m[1m: failed to resolve: could not find `call` in `pallet`[0m
  [0m   [0m[0m[1m[38;5;12m--> [0m[0m/Users/salvatore/subspace_neo/pallets/subspace/src/lib.rs:534:12[0m
  [0m    [0m[0m[1m[38;5;12m|[0m
  [0m[1m[38;5;12m534[0m[0m [0m[0m[1m[38;5;12m|[0m[0m [0m[0m    #[pallet::call][0m
  [0m    [0m[0m[1m[38;5;12m| [0m[0m              [0m[0m[1m[38;5;9m^^^^[0m[0m [0m[0m[1m[38;5;9mcould not find `call` in `pallet`[0m

  [0m[1m[38;5;9merror[0m[0m[1m: cannot find macro `vec` in this scope[0m
  [0m   [0m[0m[1m[38;5;12m--> [0m[0m/Users/salvatore/subspace_neo/pallets/subspace/src/lib.rs:938:28[0m
  [0m    [0m[0m[1m[38;5;12m|[0m
  [0m[1m[38;5;12m938[0m[0m [0m[0m[1m[38;5;12m|[0m[0m [0m[0m                let values: Vec<u16> = vec![1; n_weights as usize];[0m
  [0m    [0m[0m[1m[38;5;12m| [0m[0m                                       [0m[0m[1m[38;5;9m^^^[0m
  [0m    [0m[0m[1m[38;5;12m|[0m
  [0m    [0m[0m[1m[38;5;12m= [0m[0m[1mhelp[0m[0m: consider importing one of these items:[0m
  [0m            scale_info::prelude::vec[0m
  [0m            sp_std::vec[0m

  [0m[1m[38;5;9merror[0m[0m[1m: cannot find macro `vec` in this scope[0m
  [0m   [0m[0m[1m[38;5;12m--> [0m[0m/Users/salvatore/subspace_neo/pallets/subspace/src/lib.rs:940:49[0m
  [0m    [0m[0m[1m[38;5;12m|[0m
  [0m[1m[38;5;12m940[0m[0m [0m[0m[1m[38;5;12m|[0m[0m [0m[0m                let mut zipped_weights: Vec<( u16, u16 )> = vec![];[0m
  [0m    [0m[0m[1m[38;5;12m| [0m[0m                                                            [0m[0m[1m[38;5;9m^^^[0m
  [0m    [0m[0m[1m[38;5;12m|[0m
  [0m    [0m[0m[1m[38;5;12m= [0m[0m[1mhelp[0m[0m: consider importing one of these items:[0m
  [0m            scale_info::prelude::vec[0m
  [0m            sp_std::vec[0m

  [0m[1m[38;5;9merror[E0425][0m[0m[1m: cannot find value `LOG_TARGET` in this scope[0m
  [0m   [0m[0m[1m[38;5;12m--> [0m[0m/Users/salvatore/subspace_neo/pallets/subspace/src/utils.rs:163:12[0m
  [0m    [0m[0m[1m[38;5;12m|[0m
  [0m[1m[38;5;12m163[0m[0m [0m[0m[1m[38;5;12m|[0m[0m [0m[0m            target: LOG_TARGET,[0m
  [0m    [0m[0m[1m[38;5;12m| [0m[0m                    [0m[0m[1m[38;5;9m^^^^^^^^^^[0m[0m [0m[0m[1m[38;5;9mnot found in this scope[0m
  [0m    [0m[0m[1m[38;5;12m|[0m
  [0m[1m[38;5;14mhelp[0m[0m: consider importing this constant[0m
  [0m    [0m[0m[1m[38;5;12m|[0m
  [0m[1m[38;5;12m2[0m[0m   [0m[0m[1m[38;5;12m| [0m[0m[38;5;10muse frame_support::LOG_TARGET;[0m
  [0m    [0m[0m[1m[38;5;12m|[0m

  [0m[1m[38;5;9merror[E0405][0m[0m[1m: cannot find trait `Hooks` in this scope[0m
  [0m   [0m[0m[1m[38;5;12m--> [0m[0m/Users/salvatore/subspace_neo/pallets/subspace/src/lib.rs:516:18[0m
  [0m    [0m[0m[1m[38;5;12m|[0m
  [0m[1m[38;5;12m516[0m[0m [0m[0m[1m[38;5;12m|[0m[0m [0m[0m    impl<T: Config> Hooks<BlockNumberFor<T>> for Pallet<T> { [0m
  [0m    [0m[0m[1m[38;5;12m| [0m[0m                    [0m[0m[1m[38;5;9m^^^^^[0m[0m [0m[0m[1m[38;5;9mnot found in this scope[0m
  [0m    [0m[0m[1m[38;5;12m|[0m
  [0m[1m[38;5;14mhelp[0m[0m: consider importing this trait[0m
  [0m    [0m[0m[1m[38;5;12m|[0m
  [0m[1m[38;5;12m7[0m[0m   [0m[0m[1m[38;5;12m| [0m[0m[38;5;10muse frame_support::pallet_prelude::Hooks;[0m
  [0m    [0m[0m[1m[38;5;12m|[0m

  [0m[1m[38;5;9merror[E0412][0m[0m[1m: cannot find type `Vec` in this scope[0m
  [0m   [0m[0m[1m[38;5;12m--> [0m[0m/Users/salvatore/subspace_neo/pallets/subspace/src/lib.rs:600:11[0m
  [0m    [0m[0m[1m[38;5;12m|[0m
  [0m[1m[38;5;12m600[0m[0m [0m[0m[1m[38;5;12m|[0m[0m [0m[0m            dests: Vec<u16>, [0m
  [0m    [0m[0m[1m[38;5;12m| [0m[0m                   [0m[0m[1m[38;5;9m^^^[0m[0m [0m[0m[1m[38;5;9mnot found in this scope[0m
  [0m    [0m[0m[1m[38;5;12m|[0m
  [0m[1m[38;5;14mhelp[0m[0m: consider importing one of these items[0m
  [0m    [0m[0m[1m[38;5;12m|[0m
  [0m[1m[38;5;12m7[0m[0m   [0m[0m[1m[38;5;12m| [0m[0m[38;5;10muse crate::dispatch::Vec;[0m
  [0m    [0m[0m[1m[38;5;12m|[0m
  [0m[1m[38;5;12m7[0m[0m   [0m[0m[1m[38;5;12m| [0m[0m[38;5;10muse frame_support::inherent::Vec;[0m
  [0m    [0m[0m[1m[38;5;12m|[0m
  [0m[1m[38;5;12m7[0m[0m   [0m[0m[1m[38;5;12m| [0m[0m[38;5;10muse scale_info::prelude::vec::Vec;[0m
  [0m    [0m[0m[1m[38;5;12m|[0m
  [0m[1m[38;5;12m7[0m[0m   [0m[0m[1m[38;5;12m| [0m[0m[38;5;10muse serde::__private::Vec;[0m
  [0m    [0m[0m[1m[38;5;12m|[0m
  [0m      and 1 other candidate[0m

  [0m[1m[38;5;9merror[E0412][0m[0m[1m: cannot find type `Vec` in this scope[0m
  [0m   [0m[0m[1m[38;5;12m--> [0m[0m/Users/salvatore/subspace_neo/pallets/subspace/src/lib.rs:601:13[0m
  [0m    [0m[0m[1m[38;5;12m|[0m
  [0m[1m[38;5;12m601[0m[0m [0m[0m[1m[38;5;12m|[0m[0m [0m[0m            weights: Vec<u16>,[0m
  [0m    [0m[0m[1m[38;5;12m| [0m[0m                     [0m[0m[1m[38;5;9m^^^[0m[0m [0m[0m[1m[38;5;9mnot found in this scope[0m
  [0m    [0m[0m[1m[38;5;12m|[0m
  [0m[1m[38;5;14mhelp[0m[0m: consider importing one of these items[0m
  [0m    [0m[0m[1m[38;5;12m|[0m
  [0m[1m[38;5;12m7[0m[0m   [0m[0m[1m[38;5;12m| [0m[0m[38;5;10muse crate::dispatch::Vec;[0m
  [0m    [0m[0m[1m[38;5;12m|[0m
  [0m[1m[38;5;12m7[0m[0m   [0m[0m[1m[38;5;12m| [0m[0m[38;5;10muse frame_support::inherent::Vec;[0m
  [0m    [0m[0m[1m[38;5;12m|[0m
  [0m[1m[38;5;12m7[0m[0m   [0m[0m[1m[38;5;12m| [0m[0m[38;5;10muse scale_info::prelude::vec::Vec;[0m
  [0m    [0m[0m[1m[38;5;12m|[0m
  [0m[1m[38;5;12m7[0m[0m   [0m[0m[1m[38;5;12m| [0m[0m[38;5;10muse serde::__private::Vec;[0m
  [0m    [0m[0m[1m[38;5;12m|[0m
  [0m      and 1 other candidate[0m

  [0m[1m[38;5;9merror[E0412][0m[0m[1m: cannot find type `Vec` in this scope[0m
  [0m   [0m[0m[1m[38;5;12m--> [0m[0m/Users/salvatore/subspace_neo/pallets/subspace/src/lib.rs:937:15[0m
  [0m    [0m[0m[1m[38;5;12m|[0m
  [0m[1m[38;5;12m937[0m[0m [0m[0m[1m[38;5;12m|[0m[0m [0m[0m                let uids: Vec<u16> = (0..n_weights).collect();[0m
  [0m    [0m[0m[1m[38;5;12m| [0m[0m                          [0m[0m[1m[38;5;9m^^^[0m[0m [0m[0m[1m[38;5;9mnot found in this scope[0m
  [0m    [0m[0m[1m[38;5;12m|[0m
  [0m[1m[38;5;14mhelp[0m[0m: consider importing one of these items[0m
  [0m    [0m[0m[1m[38;5;12m|[0m
  [0m[1m[38;5;12m7[0m[0m   [0m[0m[1m[38;5;12m| [0m[0m[38;5;10muse crate::dispatch::Vec;[0m
  [0m    [0m[0m[1m[38;5;12m|[0m
  [0m[1m[38;5;12m7[0m[0m   [0m[0m[1m[38;5;12m| [0m[0m[38;5;10muse frame_support::inherent::Vec;[0m
  [0m    [0m[0m[1m[38;5;12m|[0m
  [0m[1m[38;5;12m7[0m[0m   [0m[0m[1m[38;5;12m| [0m[0m[38;5;10muse scale_info::prelude::vec::Vec;[0m
  [0m    [0m[0m[1m[38;5;12m|[0m
  [0m[1m[38;5;12m7[0m[0m   [0m[0m[1m[38;5;12m| [0m[0m[38;5;10muse serde::__private::Vec;[0m
  [0m    [0m[0m[1m[38;5;12m|[0m
  [0m      and 1 other candidate[0m

  [0m[1m[38;5;9merror[E0412][0m[0m[1m: cannot find type `Vec` in this scope[0m
  [0m   [0m[0m[1m[38;5;12m--> [0m[0m/Users/salvatore/subspace_neo/pallets/subspace/src/lib.rs:938:17[0m
  [0m    [0m[0m[1m[38;5;12m|[0m
  [0m[1m[38;5;12m938[0m[0m [0m[0m[1m[38;5;12m|[0m[0m [0m[0m                let values: Vec<u16> = vec![1; n_weights as usize];[0m
  [0m    [0m[0m[1m[38;5;12m| [0m[0m                            [0m[0m[1m[38;5;9m^^^[0m[0m [0m[0m[1m[38;5;9mnot found in this scope[0m
  [0m    [0m[0m[1m[38;5;12m|[0m
  [0m[1m[38;5;14mhelp[0m[0m: consider importing one of these items[0m
  [0m    [0m[0m[1m[38;5;12m|[0m
  [0m[1m[38;5;12m7[0m[0m   [0m[0m[1m[38;5;12m| [0m[0m[38;5;10muse crate::dispatch::Vec;[0m
  [0m    [0m[0m[1m[38;5;12m|[0m
  [0m[1m[38;5;12m7[0m[0m   [0m[0m[1m[38;5;12m| [0m[0m[38;5;10muse frame_support::inherent::Vec;[0m
  [0m    [0m[0m[1m[38;5;12m|[0m
  [0m[1m[38;5;12m7[0m[0m   [0m[0m[1m[38;5;12m| [0m[0m[38;5;10muse scale_info::prelude::vec::Vec;[0m
  [0m    [0m[0m[1m[38;5;12m|[0m
  [0m[1m[38;5;12m7[0m[0m   [0m[0m[1m[38;5;12m| [0m[0m[38;5;10muse serde::__private::Vec;[0m
  [0m    [0m[0m[1m[38;5;12m|[0m
  [0m      and 1 other candidate[0m

  [0m[1m[38;5;9merror[E0412][0m[0m[1m: cannot find type `Vec` in this scope[0m
  [0m   [0m[0m[1m[38;5;12m--> [0m[0m/Users/salvatore/subspace_neo/pallets/subspace/src/lib.rs:940:29[0m
  [0m    [0m[0m[1m[38;5;12m|[0m
  [0m[1m[38;5;12m940[0m[0m [0m[0m[1m[38;5;12m|[0m[0m [0m[0m                let mut zipped_weights: Vec<( u16, u16 )> = vec![];[0m
  [0m    [0m[0m[1m[38;5;12m| [0m[0m                                        [0m[0m[1m[38;5;9m^^^[0m[0m [0m[0m[1m[38;5;9mnot found in this scope[0m
  [0m    [0m[0m[1m[38;5;12m|[0m
  [0m[1m[38;5;14mhelp[0m[0m: consider importing one of these items[0m
  [0m    [0m[0m[1m[38;5;12m|[0m
  [0m[1m[38;5;12m7[0m[0m   [0m[0m[1m[38;5;12m| [0m[0m[38;5;10muse crate::dispatch::Vec;[0m
  [0m    [0m[0m[1m[38;5;12m|[0m
  [0m[1m[38;5;12m7[0m[0m   [0m[0m[1m[38;5;12m| [0m[0m[38;5;10muse frame_support::inherent::Vec;[0m
  [0m    [0m[0m[1m[38;5;12m|[0m
  [0m[1m[38;5;12m7[0m[0m   [0m[0m[1m[38;5;12m| [0m[0m[38;5;10muse scale_info::prelude::vec::Vec;[0m
  [0m    [0m[0m[1m[38;5;12m|[0m
  [0m[1m[38;5;12m7[0m[0m   [0m[0m[1m[38;5;12m| [0m[0m[38;5;10muse serde::__private::Vec;[0m
  [0m    [0m[0m[1m[38;5;12m|[0m
  [0m      and 1 other candidate[0m

  [0m[1m[38;5;9merror[E0412][0m[0m[1m: cannot find type `Vec` in this scope[0m
  [0m   [0m[0m[1m[38;5;12m--> [0m[0m/Users/salvatore/subspace_neo/pallets/subspace/src/lib.rs:962:11[0m
  [0m    [0m[0m[1m[38;5;12m|[0m
  [0m[1m[38;5;12m962[0m[0m [0m[0m[1m[38;5;12m|[0m[0m [0m[0m            let _: Vec<(T::AccountId, u64)> = Self::epoch( 11, 1_000_000_000 );[0m
  [0m    [0m[0m[1m[38;5;12m| [0m[0m                   [0m[0m[1m[38;5;9m^^^[0m[0m [0m[0m[1m[38;5;9mnot found in this scope[0m
  [0m    [0m[0m[1m[38;5;12m|[0m
  [0m[1m[38;5;14mhelp[0m[0m: consider importing one of these items[0m
  [0m    [0m[0m[1m[38;5;12m|[0m
  [0m[1m[38;5;12m7[0m[0m   [0m[0m[1m[38;5;12m| [0m[0m[38;5;10muse crate::dispatch::Vec;[0m
  [0m    [0m[0m[1m[38;5;12m|[0m
  [0m[1m[38;5;12m7[0m[0m   [0m[0m[1m[38;5;12m| [0m[0m[38;5;10muse frame_support::inherent::Vec;[0m
  [0m    [0m[0m[1m[38;5;12m|[0m
  [0m[1m[38;5;12m7[0m[0m   [0m[0m[1m[38;5;12m| [0m[0m[38;5;10muse scale_info::prelude::vec::Vec;[0m
  [0m    [0m[0m[1m[38;5;12m|[0m
  [0m[1m[38;5;12m7[0m[0m   [0m[0m[1m[38;5;12m| [0m[0m[38;5;10muse serde::__private::Vec;[0m
  [0m    [0m[0m[1m[38;5;12m|[0m
  [0m      and 1 other candidate[0m

  [0m[1m[38;5;9merror[E0603][0m[0m[1m: attribute macro import `hooks` is private[0m
  [0m    [0m[0m[1m[38;5;12m--> [0m[0m/Users/salvatore/subspace_neo/pallets/subspace/src/lib.rs:515:12[0m
  [0m     [0m[0m[1m[38;5;12m|[0m
  [0m[1m[38;5;12m515[0m[0m  [0m[0m[1m[38;5;12m|[0m[0m [0m[0m    #[pallet::hooks] [0m
  [0m     [0m[0m[1m[38;5;12m| [0m[0m              [0m[0m[1m[38;5;9m^^^^^[0m[0m [0m[0m[1m[38;5;9mprivate attribute macro import[0m
  [0m     [0m[0m[1m[38;5;12m|[0m
  [0m[1m[38;5;10mnote[0m[0m: the attribute macro import `hooks` is defined here...[0m
  [0m    [0m[0m[1m[38;5;12m--> [0m[0m/Users/salvatore/subspace_neo/pallets/subspace/src/lib.rs:73:6[0m
  [0m     [0m[0m[1m[38;5;12m|[0m
  [0m[1m[38;5;12m73[0m[0m   [0m[0m[1m[38;5;12m|[0m[0m [0m[0m    use frame_support::pallet_prelude::*;[0m
  [0m     [0m[0m[1m[38;5;12m| [0m[0m        [0m[0m[1m[38;5;10m^^^^^^^^^^^^^^^^^^^^^^^^^^^^^^^^[0m
  [0m[1m[38;5;10mnote[0m[0m: ...and refers to the attribute macro `hooks` which is defined here[0m
  [0m    [0m[0m[1m[38;5;12m--> [0m[0m/Users/salvatore/.cargo/git/checkouts/substrate-7e08433d4c370a21/1837f42/frame/support/src/lib.rs:1474:10[0m
  [0m     [0m[0m[1m[38;5;12m|[0m
  [0m[1m[38;5;12m1474[0m[0m [0m[0m[1m[38;5;12m|[0m[0m [0m[0m    pub use frame_support::pallet_macros::*;[0m
  [0m     [0m[0m[1m[38;5;12m| [0m[0m            [0m[0m[1m[38;5;10m^^^^^^^^^^^^^^^^^^^^^^^^^^^^^^^[0m[0m [0m[0m[1m[38;5;10mconsider importing it directly[0m

  [0m[1m[38;5;9merror[E0603][0m[0m[1m: attribute macro import `weight` is private[0m
  [0m    [0m[0m[1m[38;5;12m--> [0m[0m/Users/salvatore/subspace_neo/pallets/subspace/src/lib.rs:594:19[0m
  [0m     [0m[0m[1m[38;5;12m|[0m
  [0m[1m[38;5;12m594[0m[0m  [0m[0m[1m[38;5;12m|[0m[0m [0m[0m        #[pallet::weight((Weight::from_ref_time(10_151_000_000)[0m
  [0m     [0m[0m[1m[38;5;12m| [0m[0m                  [0m[0m[1m[38;5;9m^^^^^^[0m[0m [0m[0m[1m[38;5;9mprivate attribute macro import[0m
  [0m     [0m[0m[1m[38;5;12m|[0m
  [0m[1m[38;5;10mnote[0m[0m: the attribute macro import `weight` is defined here...[0m
  [0m    [0m[0m[1m[38;5;12m--> [0m[0m/Users/salvatore/subspace_neo/pallets/subspace/src/lib.rs:73:6[0m
  [0m     [0m[0m[1m[38;5;12m|[0m
  [0m[1m[38;5;12m73[0m[0m   [0m[0m[1m[38;5;12m|[0m[0m [0m[0m    use frame_support::pallet_prelude::*;[0m
  [0m     [0m[0m[1m[38;5;12m| [0m[0m        [0m[0m[1m[38;5;10m^^^^^^^^^^^^^^^^^^^^^^^^^^^^^^^^[0m
  [0m[1m[38;5;10mnote[0m[0m: ...and refers to the attribute macro `weight` which is defined here[0m
  [0m    [0m[0m[1m[38;5;12m--> [0m[0m/Users/salvatore/.cargo/git/checkouts/substrate-7e08433d4c370a21/1837f42/frame/support/src/lib.rs:1474:10[0m
  [0m     [0m[0m[1m[38;5;12m|[0m
  [0m[1m[38;5;12m1474[0m[0m [0m[0m[1m[38;5;12m|[0m[0m [0m[0m    pub use frame_support::pallet_macros::*;[0m
  [0m     [0m[0m[1m[38;5;12m| [0m[0m            [0m[0m[1m[38;5;10m^^^^^^^^^^^^^^^^^^^^^^^^^^^^^^^[0m[0m [0m[0m[1m[38;5;10mconsider importing it directly[0m

  [0m[1m[38;5;9merror[E0603][0m[0m[1m: attribute macro import `weight` is private[0m
  [0m    [0m[0m[1m[38;5;12m--> [0m[0m/Users/salvatore/subspace_neo/pallets/subspace/src/lib.rs:639:13[0m
  [0m     [0m[0m[1m[38;5;12m|[0m
  [0m[1m[38;5;12m639[0m[0m  [0m[0m[1m[38;5;12m|[0m[0m [0m[0m        #[pallet::weight((Weight::from_ref_time(65_000_000)[0m
  [0m     [0m[0m[1m[38;5;12m| [0m[0m                  [0m[0m[1m[38;5;9m^^^^^^[0m[0m [0m[0m[1m[38;5;9mprivate attribute macro import[0m
  [0m     [0m[0m[1m[38;5;12m|[0m
  [0m[1m[38;5;10mnote[0m[0m: the attribute macro import `weight` is defined here...[0m
  [0m    [0m[0m[1m[38;5;12m--> [0m[0m/Users/salvatore/subspace_neo/pallets/subspace/src/lib.rs:73:6[0m
  [0m     [0m[0m[1m[38;5;12m|[0m
  [0m[1m[38;5;12m73[0m[0m   [0m[0m[1m[38;5;12m|[0m[0m [0m[0m    use frame_support::pallet_prelude::*;[0m
  [0m     [0m[0m[1m[38;5;12m| [0m[0m        [0m[0m[1m[38;5;10m^^^^^^^^^^^^^^^^^^^^^^^^^^^^^^^^[0m
  [0m[1m[38;5;10mnote[0m[0m: ...and refers to the attribute macro `weight` which is defined here[0m
  [0m    [0m[0m[1m[38;5;12m--> [0m[0m/Users/salvatore/.cargo/git/checkouts/substrate-7e08433d4c370a21/1837f42/frame/support/src/lib.rs:1474:10[0m
  [0m     [0m[0m[1m[38;5;12m|[0m
  [0m[1m[38;5;12m1474[0m[0m [0m[0m[1m[38;5;12m|[0m[0m [0m[0m    pub use frame_support::pallet_macros::*;[0m
  [0m     [0m[0m[1m[38;5;12m| [0m[0m            [0m[0m[1m[38;5;10m^^^^^^^^^^^^^^^^^^^^^^^^^^^^^^^[0m[0m [0m[0m[1m[38;5;10mconsider importing it directly[0m

  [0m[1m[38;5;9merror[E0603][0m[0m[1m: attribute macro import `weight` is private[0m
  [0m    [0m[0m[1m[38;5;12m--> [0m[0m/Users/salvatore/subspace_neo/pallets/subspace/src/lib.rs:676:13[0m
  [0m     [0m[0m[1m[38;5;12m|[0m
  [0m[1m[38;5;12m676[0m[0m  [0m[0m[1m[38;5;12m|[0m[0m [0m[0m        #[pallet::weight((Weight::from_ref_time(66_000_000)[0m
  [0m     [0m[0m[1m[38;5;12m| [0m[0m                  [0m[0m[1m[38;5;9m^^^^^^[0m[0m [0m[0m[1m[38;5;9mprivate attribute macro import[0m
  [0m     [0m[0m[1m[38;5;12m|[0m
  [0m[1m[38;5;10mnote[0m[0m: the attribute macro import `weight` is defined here...[0m
  [0m    [0m[0m[1m[38;5;12m--> [0m[0m/Users/salvatore/subspace_neo/pallets/subspace/src/lib.rs:73:6[0m
  [0m     [0m[0m[1m[38;5;12m|[0m
  [0m[1m[38;5;12m73[0m[0m   [0m[0m[1m[38;5;12m|[0m[0m [0m[0m    use frame_support::pallet_prelude::*;[0m
  [0m     [0m[0m[1m[38;5;12m| [0m[0m        [0m[0m[1m[38;5;10m^^^^^^^^^^^^^^^^^^^^^^^^^^^^^^^^[0m
  [0m[1m[38;5;10mnote[0m[0m: ...and refers to the attribute macro `weight` which is defined here[0m
  [0m    [0m[0m[1m[38;5;12m--> [0m[0m/Users/salvatore/.cargo/git/checkouts/substrate-7e08433d4c370a21/1837f42/frame/support/src/lib.rs:1474:10[0m
  [0m     [0m[0m[1m[38;5;12m|[0m
  [0m[1m[38;5;12m1474[0m[0m [0m[0m[1m[38;5;12m|[0m[0m [0m[0m    pub use frame_support::pallet_macros::*;[0m
  [0m     [0m[0m[1m[38;5;12m| [0m[0m            [0m[0m[1m[38;5;10m^^^^^^^^^^^^^^^^^^^^^^^^^^^^^^^[0m[0m [0m[0m[1m[38;5;10mconsider importing it directly[0m

  [0m[1m[38;5;9merror[E0603][0m[0m[1m: attribute macro import `weight` is private[0m
  [0m    [0m[0m[1m[38;5;12m--> [0m[0m/Users/salvatore/subspace_neo/pallets/subspace/src/lib.rs:735:13[0m
  [0m     [0m[0m[1m[38;5;12m|[0m
  [0m[1m[38;5;12m735[0m[0m  [0m[0m[1m[38;5;12m|[0m[0m [0m[0m        #[pallet::weight((Weight::from_ref_time(19_000_000)[0m
  [0m     [0m[0m[1m[38;5;12m| [0m[0m                  [0m[0m[1m[38;5;9m^^^^^^[0m[0m [0m[0m[1m[38;5;9mprivate attribute macro import[0m
  [0m     [0m[0m[1m[38;5;12m|[0m
  [0m[1m[38;5;10mnote[0m[0m: the attribute macro import `weight` is defined here...[0m
  [0m    [0m[0m[1m[38;5;12m--> [0m[0m/Users/salvatore/subspace_neo/pallets/subspace/src/lib.rs:73:6[0m
  [0m     [0m[0m[1m[38;5;12m|[0m
  [0m[1m[38;5;12m73[0m[0m   [0m[0m[1m[38;5;12m|[0m[0m [0m[0m    use frame_support::pallet_prelude::*;[0m
  [0m     [0m[0m[1m[38;5;12m| [0m[0m        [0m[0m[1m[38;5;10m^^^^^^^^^^^^^^^^^^^^^^^^^^^^^^^^[0m
  [0m[1m[38;5;10mnote[0m[0m: ...and refers to the attribute macro `weight` which is defined here[0m
  [0m    [0m[0m[1m[38;5;12m--> [0m[0m/Users/salvatore/.cargo/git/checkouts/substrate-7e08433d4c370a21/1837f42/frame/support/src/lib.rs:1474:10[0m
  [0m     [0m[0m[1m[38;5;12m|[0m
  [0m[1m[38;5;12m1474[0m[0m [0m[0m[1m[38;5;12m|[0m[0m [0m[0m    pub use frame_support::pallet_macros::*;[0m
  [0m     [0m[0m[1m[38;5;12m| [0m[0m            [0m[0m[1m[38;5;10m^^^^^^^^^^^^^^^^^^^^^^^^^^^^^^^[0m[0m [0m[0m[1m[38;5;10mconsider importing it directly[0m

  [0m[1m[38;5;9merror[E0603][0m[0m[1m: attribute macro import `weight` is private[0m
  [0m    [0m[0m[1m[38;5;12m--> [0m[0m/Users/salvatore/subspace_neo/pallets/subspace/src/lib.rs:787:13[0m
  [0m     [0m[0m[1m[38;5;12m|[0m
  [0m[1m[38;5;12m787[0m[0m  [0m[0m[1m[38;5;12m|[0m[0m [0m[0m        #[pallet::weight((Weight::from_ref_time(91_000_000)[0m
  [0m     [0m[0m[1m[38;5;12m| [0m[0m                  [0m[0m[1m[38;5;9m^^^^^^[0m[0m [0m[0m[1m[38;5;9mprivate attribute macro import[0m
  [0m     [0m[0m[1m[38;5;12m|[0m
  [0m[1m[38;5;10mnote[0m[0m: the attribute macro import `weight` is defined here...[0m
  [0m    [0m[0m[1m[38;5;12m--> [0m[0m/Users/salvatore/subspace_neo/pallets/subspace/src/lib.rs:73:6[0m
  [0m     [0m[0m[1m[38;5;12m|[0m
  [0m[1m[38;5;12m73[0m[0m   [0m[0m[1m[38;5;12m|[0m[0m [0m[0m    use frame_support::pallet_prelude::*;[0m
  [0m     [0m[0m[1m[38;5;12m| [0m[0m        [0m[0m[1m[38;5;10m^^^^^^^^^^^^^^^^^^^^^^^^^^^^^^^^[0m
  [0m[1m[38;5;10mnote[0m[0m: ...and refers to the attribute macro `weight` which is defined here[0m
  [0m    [0m[0m[1m[38;5;12m--> [0m[0m/Users/salvatore/.cargo/git/checkouts/substrate-7e08433d4c370a21/1837f42/frame/support/src/lib.rs:1474:10[0m
  [0m     [0m[0m[1m[38;5;12m|[0m
  [0m[1m[38;5;12m1474[0m[0m [0m[0m[1m[38;5;12m|[0m[0m [0m[0m    pub use frame_support::pallet_macros::*;[0m
  [0m     [0m[0m[1m[38;5;12m| [0m[0m            [0m[0m[1m[38;5;10m^^^^^^^^^^^^^^^^^^^^^^^^^^^^^^^[0m[0m [0m[0m[1m[38;5;10mconsider importing it directly[0m

  [0m[1m[38;5;9merror[E0603][0m[0m[1m: attribute macro import `weight` is private[0m
  [0m    [0m[0m[1m[38;5;12m--> [0m[0m/Users/salvatore/subspace_neo/pallets/subspace/src/lib.rs:818:13[0m
  [0m     [0m[0m[1m[38;5;12m|[0m
  [0m[1m[38;5;12m818[0m[0m  [0m[0m[1m[38;5;12m|[0m[0m [0m[0m        #[pallet::weight((Weight::from_ref_time(10_000_000)[0m
  [0m     [0m[0m[1m[38;5;12m| [0m[0m                  [0m[0m[1m[38;5;9m^^^^^^[0m[0m [0m[0m[1m[38;5;9mprivate attribute macro import[0m
  [0m     [0m[0m[1m[38;5;12m|[0m
  [0m[1m[38;5;10mnote[0m[0m: the attribute macro import `weight` is defined here...[0m
  [0m    [0m[0m[1m[38;5;12m--> [0m[0m/Users/salvatore/subspace_neo/pallets/subspace/src/lib.rs:73:6[0m
  [0m     [0m[0m[1m[38;5;12m|[0m
  [0m[1m[38;5;12m73[0m[0m   [0m[0m[1m[38;5;12m|[0m[0m [0m[0m    use frame_support::pallet_prelude::*;[0m
  [0m     [0m[0m[1m[38;5;12m| [0m[0m        [0m[0m[1m[38;5;10m^^^^^^^^^^^^^^^^^^^^^^^^^^^^^^^^[0m
  [0m[1m[38;5;10mnote[0m[0m: ...and refers to the attribute macro `weight` which is defined here[0m
  [0m    [0m[0m[1m[38;5;12m--> [0m[0m/Users/salvatore/.cargo/git/checkouts/substrate-7e08433d4c370a21/1837f42/frame/support/src/lib.rs:1474:10[0m
  [0m     [0m[0m[1m[38;5;12m|[0m
  [0m[1m[38;5;12m1474[0m[0m [0m[0m[1m[38;5;12m|[0m[0m [0m[0m    pub use frame_support::pallet_macros::*;[0m
  [0m     [0m[0m[1m[38;5;12m| [0m[0m            [0m[0m[1m[38;5;10m^^^^^^^^^^^^^^^^^^^^^^^^^^^^^^^[0m[0m [0m[0m[1m[38;5;10mconsider importing it directly[0m

  [0m[1m[38;5;9merror[E0603][0m[0m[1m: attribute macro import `weight` is private[0m
  [0m    [0m[0m[1m[38;5;12m--> [0m[0m/Users/salvatore/subspace_neo/pallets/subspace/src/lib.rs:825:13[0m
  [0m     [0m[0m[1m[38;5;12m|[0m
  [0m[1m[38;5;12m825[0m[0m  [0m[0m[1m[38;5;12m|[0m[0m [0m[0m        #[pallet::weight((0, DispatchClass::Operational, Pays::No))][0m
  [0m     [0m[0m[1m[38;5;12m| [0m[0m                  [0m[0m[1m[38;5;9m^^^^^^[0m[0m [0m[0m[1m[38;5;9mprivate attribute macro import[0m
  [0m     [0m[0m[1m[38;5;12m|[0m
  [0m[1m[38;5;10mnote[0m[0m: the attribute macro import `weight` is defined here...[0m
  [0m    [0m[0m[1m[38;5;12m--> [0m[0m/Users/salvatore/subspace_neo/pallets/subspace/src/lib.rs:73:6[0m
  [0m     [0m[0m[1m[38;5;12m|[0m
  [0m[1m[38;5;12m73[0m[0m   [0m[0m[1m[38;5;12m|[0m[0m [0m[0m    use frame_support::pallet_prelude::*;[0m
  [0m     [0m[0m[1m[38;5;12m| [0m[0m        [0m[0m[1m[38;5;10m^^^^^^^^^^^^^^^^^^^^^^^^^^^^^^^^[0m
  [0m[1m[38;5;10mnote[0m[0m: ...and refers to the attribute macro `weight` which is defined here[0m
  [0m    [0m[0m[1m[38;5;12m--> [0m[0m/Users/salvatore/.cargo/git/checkouts/substrate-7e08433d4c370a21/1837f42/frame/support/src/lib.rs:1474:10[0m
  [0m     [0m[0m[1m[38;5;12m|[0m
  [0m[1m[38;5;12m1474[0m[0m [0m[0m[1m[38;5;12m|[0m[0m [0m[0m    pub use frame_support::pallet_macros::*;[0m
  [0m     [0m[0m[1m[38;5;12m| [0m[0m            [0m[0m[1m[38;5;10m^^^^^^^^^^^^^^^^^^^^^^^^^^^^^^^[0m[0m [0m[0m[1m[38;5;10mconsider importing it directly[0m

  [0m[1m[38;5;9merror[E0603][0m[0m[1m: attribute macro import `weight` is private[0m
  [0m    [0m[0m[1m[38;5;12m--> [0m[0m/Users/salvatore/subspace_neo/pallets/subspace/src/lib.rs:830:13[0m
  [0m     [0m[0m[1m[38;5;12m|[0m
  [0m[1m[38;5;12m830[0m[0m  [0m[0m[1m[38;5;12m|[0m[0m [0m[0m        #[pallet::weight((Weight::from_ref_time(15_000_000)[0m
  [0m     [0m[0m[1m[38;5;12m| [0m[0m                  [0m[0m[1m[38;5;9m^^^^^^[0m[0m [0m[0m[1m[38;5;9mprivate attribute macro import[0m
  [0m     [0m[0m[1m[38;5;12m|[0m
  [0m[1m[38;5;10mnote[0m[0m: the attribute macro import `weight` is defined here...[0m
  [0m    [0m[0m[1m[38;5;12m--> [0m[0m/Users/salvatore/subspace_neo/pallets/subspace/src/lib.rs:73:6[0m
  [0m     [0m[0m[1m[38;5;12m|[0m
  [0m[1m[38;5;12m73[0m[0m   [0m[0m[1m[38;5;12m|[0m[0m [0m[0m    use frame_support::pallet_prelude::*;[0m
  [0m     [0m[0m[1m[38;5;12m| [0m[0m        [0m[0m[1m[38;5;10m^^^^^^^^^^^^^^^^^^^^^^^^^^^^^^^^[0m
  [0m[1m[38;5;10mnote[0m[0m: ...and refers to the attribute macro `weight` which is defined here[0m
  [0m    [0m[0m[1m[38;5;12m--> [0m[0m/Users/salvatore/.cargo/git/checkouts/substrate-7e08433d4c370a21/1837f42/frame/support/src/lib.rs:1474:10[0m
  [0m     [0m[0m[1m[38;5;12m|[0m
  [0m[1m[38;5;12m1474[0m[0m [0m[0m[1m[38;5;12m|[0m[0m [0m[0m    pub use frame_support::pallet_macros::*;[0m
  [0m     [0m[0m[1m[38;5;12m| [0m[0m            [0m[0m[1m[38;5;10m^^^^^^^^^^^^^^^^^^^^^^^^^^^^^^^[0m[0m [0m[0m[1m[38;5;10mconsider importing it directly[0m

  [0m[1m[38;5;9merror[E0603][0m[0m[1m: attribute macro import `weight` is private[0m
  [0m    [0m[0m[1m[38;5;12m--> [0m[0m/Users/salvatore/subspace_neo/pallets/subspace/src/lib.rs:836:13[0m
  [0m     [0m[0m[1m[38;5;12m|[0m
  [0m[1m[38;5;12m836[0m[0m  [0m[0m[1m[38;5;12m|[0m[0m [0m[0m        #[pallet::weight((Weight::from_ref_time(14_000_000)[0m
  [0m     [0m[0m[1m[38;5;12m| [0m[0m                  [0m[0m[1m[38;5;9m^^^^^^[0m[0m [0m[0m[1m[38;5;9mprivate attribute macro import[0m
  [0m     [0m[0m[1m[38;5;12m|[0m
  [0m[1m[38;5;10mnote[0m[0m: the attribute macro import `weight` is defined here...[0m
  [0m    [0m[0m[1m[38;5;12m--> [0m[0m/Users/salvatore/subspace_neo/pallets/subspace/src/lib.rs:73:6[0m
  [0m     [0m[0m[1m[38;5;12m|[0m
  [0m[1m[38;5;12m73[0m[0m   [0m[0m[1m[38;5;12m|[0m[0m [0m[0m    use frame_support::pallet_prelude::*;[0m
  [0m     [0m[0m[1m[38;5;12m| [0m[0m        [0m[0m[1m[38;5;10m^^^^^^^^^^^^^^^^^^^^^^^^^^^^^^^^[0m
  [0m[1m[38;5;10mnote[0m[0m: ...and refers to the attribute macro `weight` which is defined here[0m
  [0m    [0m[0m[1m[38;5;12m--> [0m[0m/Users/salvatore/.cargo/git/checkouts/substrate-7e08433d4c370a21/1837f42/frame/support/src/lib.rs:1474:10[0m
  [0m     [0m[0m[1m[38;5;12m|[0m
  [0m[1m[38;5;12m1474[0m[0m [0m[0m[1m[38;5;12m|[0m[0m [0m[0m    pub use frame_support::pallet_macros::*;[0m
  [0m     [0m[0m[1m[38;5;12m| [0m[0m            [0m[0m[1m[38;5;10m^^^^^^^^^^^^^^^^^^^^^^^^^^^^^^^[0m[0m [0m[0m[1m[38;5;10mconsider importing it directly[0m

  [0m[1m[38;5;9merror[E0603][0m[0m[1m: attribute macro import `weight` is private[0m
  [0m    [0m[0m[1m[38;5;12m--> [0m[0m/Users/salvatore/subspace_neo/pallets/subspace/src/lib.rs:842:13[0m
  [0m     [0m[0m[1m[38;5;12m|[0m
  [0m[1m[38;5;12m842[0m[0m  [0m[0m[1m[38;5;12m|[0m[0m [0m[0m        #[pallet::weight((Weight::from_ref_time(14_000_000)[0m
  [0m     [0m[0m[1m[38;5;12m| [0m[0m                  [0m[0m[1m[38;5;9m^^^^^^[0m[0m [0m[0m[1m[38;5;9mprivate attribute macro import[0m
  [0m     [0m[0m[1m[38;5;12m|[0m
  [0m[1m[38;5;10mnote[0m[0m: the attribute macro import `weight` is defined here...[0m
  [0m    [0m[0m[1m[38;5;12m--> [0m[0m/Users/salvatore/subspace_neo/pallets/subspace/src/lib.rs:73:6[0m
  [0m     [0m[0m[1m[38;5;12m|[0m
  [0m[1m[38;5;12m73[0m[0m   [0m[0m[1m[38;5;12m|[0m[0m [0m[0m    use frame_support::pallet_prelude::*;[0m
  [0m     [0m[0m[1m[38;5;12m| [0m[0m        [0m[0m[1m[38;5;10m^^^^^^^^^^^^^^^^^^^^^^^^^^^^^^^^[0m
  [0m[1m[38;5;10mnote[0m[0m: ...and refers to the attribute macro `weight` which is defined here[0m
  [0m    [0m[0m[1m[38;5;12m--> [0m[0m/Users/salvatore/.cargo/git/checkouts/substrate-7e08433d4c370a21/1837f42/frame/support/src/lib.rs:1474:10[0m
  [0m     [0m[0m[1m[38;5;12m|[0m
  [0m[1m[38;5;12m1474[0m[0m [0m[0m[1m[38;5;12m|[0m[0m [0m[0m    pub use frame_support::pallet_macros::*;[0m
  [0m     [0m[0m[1m[38;5;12m| [0m[0m            [0m[0m[1m[38;5;10m^^^^^^^^^^^^^^^^^^^^^^^^^^^^^^^[0m[0m [0m[0m[1m[38;5;10mconsider importing it directly[0m

  [0m[1m[38;5;9merror[E0603][0m[0m[1m: attribute macro import `weight` is private[0m
  [0m    [0m[0m[1m[38;5;12m--> [0m[0m/Users/salvatore/subspace_neo/pallets/subspace/src/lib.rs:848:13[0m
  [0m     [0m[0m[1m[38;5;12m|[0m
  [0m[1m[38;5;12m848[0m[0m  [0m[0m[1m[38;5;12m|[0m[0m [0m[0m        #[pallet::weight((Weight::from_ref_time(13_000_000)[0m
  [0m     [0m[0m[1m[38;5;12m| [0m[0m                  [0m[0m[1m[38;5;9m^^^^^^[0m[0m [0m[0m[1m[38;5;9mprivate attribute macro import[0m
  [0m     [0m[0m[1m[38;5;12m|[0m
  [0m[1m[38;5;10mnote[0m[0m: the attribute macro import `weight` is defined here...[0m
  [0m    [0m[0m[1m[38;5;12m--> [0m[0m/Users/salvatore/subspace_neo/pallets/subspace/src/lib.rs:73:6[0m
  [0m     [0m[0m[1m[38;5;12m|[0m
  [0m[1m[38;5;12m73[0m[0m   [0m[0m[1m[38;5;12m|[0m[0m [0m[0m    use frame_support::pallet_prelude::*;[0m
  [0m     [0m[0m[1m[38;5;12m| [0m[0m        [0m[0m[1m[38;5;10m^^^^^^^^^^^^^^^^^^^^^^^^^^^^^^^^[0m
  [0m[1m[38;5;10mnote[0m[0m: ...and refers to the attribute macro `weight` which is defined here[0m
  [0m    [0m[0m[1m[38;5;12m--> [0m[0m/Users/salvatore/.cargo/git/checkouts/substrate-7e08433d4c370a21/1837f42/frame/support/src/lib.rs:1474:10[0m
  [0m     [0m[0m[1m[38;5;12m|[0m
  [0m[1m[38;5;12m1474[0m[0m [0m[0m[1m[38;5;12m|[0m[0m [0m[0m    pub use frame_support::pallet_macros::*;[0m
  [0m     [0m[0m[1m[38;5;12m| [0m[0m            [0m[0m[1m[38;5;10m^^^^^^^^^^^^^^^^^^^^^^^^^^^^^^^[0m[0m [0m[0m[1m[38;5;10mconsider importing it directly[0m

  [0m[1m[38;5;9merror[E0603][0m[0m[1m: attribute macro import `weight` is private[0m
  [0m    [0m[0m[1m[38;5;12m--> [0m[0m/Users/salvatore/subspace_neo/pallets/subspace/src/lib.rs:854:13[0m
  [0m     [0m[0m[1m[38;5;12m|[0m
  [0m[1m[38;5;12m854[0m[0m  [0m[0m[1m[38;5;12m|[0m[0m [0m[0m        #[pallet::weight((Weight::from_ref_time(14_000_000)[0m
  [0m     [0m[0m[1m[38;5;12m| [0m[0m                  [0m[0m[1m[38;5;9m^^^^^^[0m[0m [0m[0m[1m[38;5;9mprivate attribute macro import[0m
  [0m     [0m[0m[1m[38;5;12m|[0m
  [0m[1m[38;5;10mnote[0m[0m: the attribute macro import `weight` is defined here...[0m
  [0m    [0m[0m[1m[38;5;12m--> [0m[0m/Users/salvatore/subspace_neo/pallets/subspace/src/lib.rs:73:6[0m
  [0m     [0m[0m[1m[38;5;12m|[0m
  [0m[1m[38;5;12m73[0m[0m   [0m[0m[1m[38;5;12m|[0m[0m [0m[0m    use frame_support::pallet_prelude::*;[0m
  [0m     [0m[0m[1m[38;5;12m| [0m[0m        [0m[0m[1m[38;5;10m^^^^^^^^^^^^^^^^^^^^^^^^^^^^^^^^[0m
  [0m[1m[38;5;10mnote[0m[0m: ...and refers to the attribute macro `weight` which is defined here[0m
  [0m    [0m[0m[1m[38;5;12m--> [0m[0m/Users/salvatore/.cargo/git/checkouts/substrate-7e08433d4c370a21/1837f42/frame/support/src/lib.rs:1474:10[0m
  [0m     [0m[0m[1m[38;5;12m|[0m
  [0m[1m[38;5;12m1474[0m[0m [0m[0m[1m[38;5;12m|[0m[0m [0m[0m    pub use frame_support::pallet_macros::*;[0m
  [0m     [0m[0m[1m[38;5;12m| [0m[0m            [0m[0m[1m[38;5;10m^^^^^^^^^^^^^^^^^^^^^^^^^^^^^^^[0m[0m [0m[0m[1m[38;5;10mconsider importing it directly[0m

  [0m[1m[38;5;9merror[E0603][0m[0m[1m: attribute macro import `weight` is private[0m
  [0m    [0m[0m[1m[38;5;12m--> [0m[0m/Users/salvatore/subspace_neo/pallets/subspace/src/lib.rs:860:13[0m
  [0m     [0m[0m[1m[38;5;12m|[0m
  [0m[1m[38;5;12m860[0m[0m  [0m[0m[1m[38;5;12m|[0m[0m [0m[0m        #[pallet::weight((Weight::from_ref_time(14_000_000)[0m
  [0m     [0m[0m[1m[38;5;12m| [0m[0m                  [0m[0m[1m[38;5;9m^^^^^^[0m[0m [0m[0m[1m[38;5;9mprivate attribute macro import[0m
  [0m     [0m[0m[1m[38;5;12m|[0m
  [0m[1m[38;5;10mnote[0m[0m: the attribute macro import `weight` is defined here...[0m
  [0m    [0m[0m[1m[38;5;12m--> [0m[0m/Users/salvatore/subspace_neo/pallets/subspace/src/lib.rs:73:6[0m
  [0m     [0m[0m[1m[38;5;12m|[0m
  [0m[1m[38;5;12m73[0m[0m   [0m[0m[1m[38;5;12m|[0m[0m [0m[0m    use frame_support::pallet_prelude::*;[0m
  [0m     [0m[0m[1m[38;5;12m| [0m[0m        [0m[0m[1m[38;5;10m^^^^^^^^^^^^^^^^^^^^^^^^^^^^^^^^[0m
  [0m[1m[38;5;10mnote[0m[0m: ...and refers to the attribute macro `weight` which is defined here[0m
  [0m    [0m[0m[1m[38;5;12m--> [0m[0m/Users/salvatore/.cargo/git/checkouts/substrate-7e08433d4c370a21/1837f42/frame/support/src/lib.rs:1474:10[0m
  [0m     [0m[0m[1m[38;5;12m|[0m
  [0m[1m[38;5;12m1474[0m[0m [0m[0m[1m[38;5;12m|[0m[0m [0m[0m    pub use frame_support::pallet_macros::*;[0m
  [0m     [0m[0m[1m[38;5;12m| [0m[0m            [0m[0m[1m[38;5;10m^^^^^^^^^^^^^^^^^^^^^^^^^^^^^^^[0m[0m [0m[0m[1m[38;5;10mconsider importing it directly[0m

  [0m[1m[38;5;9merror[E0603][0m[0m[1m: attribute macro import `weight` is private[0m
  [0m    [0m[0m[1m[38;5;12m--> [0m[0m/Users/salvatore/subspace_neo/pallets/subspace/src/lib.rs:866:13[0m
  [0m     [0m[0m[1m[38;5;12m|[0m
  [0m[1m[38;5;12m866[0m[0m  [0m[0m[1m[38;5;12m|[0m[0m [0m[0m        #[pallet::weight((Weight::from_ref_time(13_000_000)[0m
  [0m     [0m[0m[1m[38;5;12m| [0m[0m                  [0m[0m[1m[38;5;9m^^^^^^[0m[0m [0m[0m[1m[38;5;9mprivate attribute macro import[0m
  [0m     [0m[0m[1m[38;5;12m|[0m
  [0m[1m[38;5;10mnote[0m[0m: the attribute macro import `weight` is defined here...[0m
  [0m    [0m[0m[1m[38;5;12m--> [0m[0m/Users/salvatore/subspace_neo/pallets/subspace/src/lib.rs:73:6[0m
  [0m     [0m[0m[1m[38;5;12m|[0m
  [0m[1m[38;5;12m73[0m[0m   [0m[0m[1m[38;5;12m|[0m[0m [0m[0m    use frame_support::pallet_prelude::*;[0m
  [0m     [0m[0m[1m[38;5;12m| [0m[0m        [0m[0m[1m[38;5;10m^^^^^^^^^^^^^^^^^^^^^^^^^^^^^^^^[0m
  [0m[1m[38;5;10mnote[0m[0m: ...and refers to the attribute macro `weight` which is defined here[0m
  [0m    [0m[0m[1m[38;5;12m--> [0m[0m/Users/salvatore/.cargo/git/checkouts/substrate-7e08433d4c370a21/1837f42/frame/support/src/lib.rs:1474:10[0m
  [0m     [0m[0m[1m[38;5;12m|[0m
  [0m[1m[38;5;12m1474[0m[0m [0m[0m[1m[38;5;12m|[0m[0m [0m[0m    pub use frame_support::pallet_macros::*;[0m
  [0m     [0m[0m[1m[38;5;12m| [0m[0m            [0m[0m[1m[38;5;10m^^^^^^^^^^^^^^^^^^^^^^^^^^^^^^^[0m[0m [0m[0m[1m[38;5;10mconsider importing it directly[0m

  [0m[1m[38;5;9merror[E0603][0m[0m[1m: attribute macro import `weight` is private[0m
  [0m    [0m[0m[1m[38;5;12m--> [0m[0m/Users/salvatore/subspace_neo/pallets/subspace/src/lib.rs:873:13[0m
  [0m     [0m[0m[1m[38;5;12m|[0m
  [0m[1m[38;5;12m873[0m[0m  [0m[0m[1m[38;5;12m|[0m[0m [0m[0m        #[pallet::weight((Weight::from_ref_time(18_000_000)[0m
  [0m     [0m[0m[1m[38;5;12m| [0m[0m                  [0m[0m[1m[38;5;9m^^^^^^[0m[0m [0m[0m[1m[38;5;9mprivate attribute macro import[0m
  [0m     [0m[0m[1m[38;5;12m|[0m
  [0m[1m[38;5;10mnote[0m[0m: the attribute macro import `weight` is defined here...[0m
  [0m    [0m[0m[1m[38;5;12m--> [0m[0m/Users/salvatore/subspace_neo/pallets/subspace/src/lib.rs:73:6[0m
  [0m     [0m[0m[1m[38;5;12m|[0m
  [0m[1m[38;5;12m73[0m[0m   [0m[0m[1m[38;5;12m|[0m[0m [0m[0m    use frame_support::pallet_prelude::*;[0m
  [0m     [0m[0m[1m[38;5;12m| [0m[0m        [0m[0m[1m[38;5;10m^^^^^^^^^^^^^^^^^^^^^^^^^^^^^^^^[0m
  [0m[1m[38;5;10mnote[0m[0m: ...and refers to the attribute macro `weight` which is defined here[0m
  [0m    [0m[0m[1m[38;5;12m--> [0m[0m/Users/salvatore/.cargo/git/checkouts/substrate-7e08433d4c370a21/1837f42/frame/support/src/lib.rs:1474:10[0m
  [0m     [0m[0m[1m[38;5;12m|[0m
  [0m[1m[38;5;12m1474[0m[0m [0m[0m[1m[38;5;12m|[0m[0m [0m[0m    pub use frame_support::pallet_macros::*;[0m
  [0m     [0m[0m[1m[38;5;12m| [0m[0m            [0m[0m[1m[38;5;10m^^^^^^^^^^^^^^^^^^^^^^^^^^^^^^^[0m[0m [0m[0m[1m[38;5;10mconsider importing it directly[0m

  [0m[1m[38;5;9merror[E0603][0m[0m[1m: attribute macro import `weight` is private[0m
  [0m    [0m[0m[1m[38;5;12m--> [0m[0m/Users/salvatore/subspace_neo/pallets/subspace/src/lib.rs:879:13[0m
  [0m     [0m[0m[1m[38;5;12m|[0m
  [0m[1m[38;5;12m879[0m[0m  [0m[0m[1m[38;5;12m|[0m[0m [0m[0m        #[pallet::weight((Weight::from_ref_time(13_000_000)[0m
  [0m     [0m[0m[1m[38;5;12m| [0m[0m                  [0m[0m[1m[38;5;9m^^^^^^[0m[0m [0m[0m[1m[38;5;9mprivate attribute macro import[0m
  [0m     [0m[0m[1m[38;5;12m|[0m
  [0m[1m[38;5;10mnote[0m[0m: the attribute macro import `weight` is defined here...[0m
  [0m    [0m[0m[1m[38;5;12m--> [0m[0m/Users/salvatore/subspace_neo/pallets/subspace/src/lib.rs:73:6[0m
  [0m     [0m[0m[1m[38;5;12m|[0m
  [0m[1m[38;5;12m73[0m[0m   [0m[0m[1m[38;5;12m|[0m[0m [0m[0m    use frame_support::pallet_prelude::*;[0m
  [0m     [0m[0m[1m[38;5;12m| [0m[0m        [0m[0m[1m[38;5;10m^^^^^^^^^^^^^^^^^^^^^^^^^^^^^^^^[0m
  [0m[1m[38;5;10mnote[0m[0m: ...and refers to the attribute macro `weight` which is defined here[0m
  [0m    [0m[0m[1m[38;5;12m--> [0m[0m/Users/salvatore/.cargo/git/checkouts/substrate-7e08433d4c370a21/1837f42/frame/support/src/lib.rs:1474:10[0m
  [0m     [0m[0m[1m[38;5;12m|[0m
  [0m[1m[38;5;12m1474[0m[0m [0m[0m[1m[38;5;12m|[0m[0m [0m[0m    pub use frame_support::pallet_macros::*;[0m
  [0m     [0m[0m[1m[38;5;12m| [0m[0m            [0m[0m[1m[38;5;10m^^^^^^^^^^^^^^^^^^^^^^^^^^^^^^^[0m[0m [0m[0m[1m[38;5;10mconsider importing it directly[0m

  [0m[1m[38;5;9merror[E0603][0m[0m[1m: attribute macro import `weight` is private[0m
  [0m    [0m[0m[1m[38;5;12m--> [0m[0m/Users/salvatore/subspace_neo/pallets/subspace/src/lib.rs:887:13[0m
  [0m     [0m[0m[1m[38;5;12m|[0m
  [0m[1m[38;5;12m887[0m[0m  [0m[0m[1m[38;5;12m|[0m[0m [0m[0m        #[pallet::weight((Weight::from_ref_time(13_000_000)[0m
  [0m     [0m[0m[1m[38;5;12m| [0m[0m                  [0m[0m[1m[38;5;9m^^^^^^[0m[0m [0m[0m[1m[38;5;9mprivate attribute macro import[0m
  [0m     [0m[0m[1m[38;5;12m|[0m
  [0m[1m[38;5;10mnote[0m[0m: the attribute macro import `weight` is defined here...[0m
  [0m    [0m[0m[1m[38;5;12m--> [0m[0m/Users/salvatore/subspace_neo/pallets/subspace/src/lib.rs:73:6[0m
  [0m     [0m[0m[1m[38;5;12m|[0m
  [0m[1m[38;5;12m73[0m[0m   [0m[0m[1m[38;5;12m|[0m[0m [0m[0m    use frame_support::pallet_prelude::*;[0m
  [0m     [0m[0m[1m[38;5;12m| [0m[0m        [0m[0m[1m[38;5;10m^^^^^^^^^^^^^^^^^^^^^^^^^^^^^^^^[0m
  [0m[1m[38;5;10mnote[0m[0m: ...and refers to the attribute macro `weight` which is defined here[0m
  [0m    [0m[0m[1m[38;5;12m--> [0m[0m/Users/salvatore/.cargo/git/checkouts/substrate-7e08433d4c370a21/1837f42/frame/support/src/lib.rs:1474:10[0m
  [0m     [0m[0m[1m[38;5;12m|[0m
  [0m[1m[38;5;12m1474[0m[0m [0m[0m[1m[38;5;12m|[0m[0m [0m[0m    pub use frame_support::pallet_macros::*;[0m
  [0m     [0m[0m[1m[38;5;12m| [0m[0m            [0m[0m[1m[38;5;10m^^^^^^^^^^^^^^^^^^^^^^^^^^^^^^^[0m[0m [0m[0m[1m[38;5;10mconsider importing it directly[0m

  [0m[1m[38;5;9merror[E0603][0m[0m[1m: attribute macro import `weight` is private[0m
  [0m    [0m[0m[1m[38;5;12m--> [0m[0m/Users/salvatore/subspace_neo/pallets/subspace/src/lib.rs:893:13[0m
  [0m     [0m[0m[1m[38;5;12m|[0m
  [0m[1m[38;5;12m893[0m[0m  [0m[0m[1m[38;5;12m|[0m[0m [0m[0m        #[pallet::weight((Weight::from_ref_time(13_000_000)[0m
  [0m     [0m[0m[1m[38;5;12m| [0m[0m                  [0m[0m[1m[38;5;9m^^^^^^[0m[0m [0m[0m[1m[38;5;9mprivate attribute macro import[0m
  [0m     [0m[0m[1m[38;5;12m|[0m
  [0m[1m[38;5;10mnote[0m[0m: the attribute macro import `weight` is defined here...[0m
  [0m    [0m[0m[1m[38;5;12m--> [0m[0m/Users/salvatore/subspace_neo/pallets/subspace/src/lib.rs:73:6[0m
  [0m     [0m[0m[1m[38;5;12m|[0m
  [0m[1m[38;5;12m73[0m[0m   [0m[0m[1m[38;5;12m|[0m[0m [0m[0m    use frame_support::pallet_prelude::*;[0m
  [0m     [0m[0m[1m[38;5;12m| [0m[0m        [0m[0m[1m[38;5;10m^^^^^^^^^^^^^^^^^^^^^^^^^^^^^^^^[0m
  [0m[1m[38;5;10mnote[0m[0m: ...and refers to the attribute macro `weight` which is defined here[0m
  [0m    [0m[0m[1m[38;5;12m--> [0m[0m/Users/salvatore/.cargo/git/checkouts/substrate-7e08433d4c370a21/1837f42/frame/support/src/lib.rs:1474:10[0m
  [0m     [0m[0m[1m[38;5;12m|[0m
  [0m[1m[38;5;12m1474[0m[0m [0m[0m[1m[38;5;12m|[0m[0m [0m[0m    pub use frame_support::pallet_macros::*;[0m
  [0m     [0m[0m[1m[38;5;12m| [0m[0m            [0m[0m[1m[38;5;10m^^^^^^^^^^^^^^^^^^^^^^^^^^^^^^^[0m[0m [0m[0m[1m[38;5;10mconsider importing it directly[0m

  [0m[1m[38;5;9merror[E0603][0m[0m[1m: attribute macro import `weight` is private[0m
  [0m    [0m[0m[1m[38;5;12m--> [0m[0m/Users/salvatore/subspace_neo/pallets/subspace/src/lib.rs:899:13[0m
  [0m     [0m[0m[1m[38;5;12m|[0m
  [0m[1m[38;5;12m899[0m[0m  [0m[0m[1m[38;5;12m|[0m[0m [0m[0m        #[pallet::weight((Weight::from_ref_time(15_000_000)[0m
  [0m     [0m[0m[1m[38;5;12m| [0m[0m                  [0m[0m[1m[38;5;9m^^^^^^[0m[0m [0m[0m[1m[38;5;9mprivate attribute macro import[0m
  [0m     [0m[0m[1m[38;5;12m|[0m
  [0m[1m[38;5;10mnote[0m[0m: the attribute macro import `weight` is defined here...[0m
  [0m    [0m[0m[1m[38;5;12m--> [0m[0m/Users/salvatore/subspace_neo/pallets/subspace/src/lib.rs:73:6[0m
  [0m     [0m[0m[1m[38;5;12m|[0m
  [0m[1m[38;5;12m73[0m[0m   [0m[0m[1m[38;5;12m|[0m[0m [0m[0m    use frame_support::pallet_prelude::*;[0m
  [0m     [0m[0m[1m[38;5;12m| [0m[0m        [0m[0m[1m[38;5;10m^^^^^^^^^^^^^^^^^^^^^^^^^^^^^^^^[0m
  [0m[1m[38;5;10mnote[0m[0m: ...and refers to the attribute macro `weight` which is defined here[0m
  [0m    [0m[0m[1m[38;5;12m--> [0m[0m/Users/salvatore/.cargo/git/checkouts/substrate-7e08433d4c370a21/1837f42/frame/support/src/lib.rs:1474:10[0m
  [0m     [0m[0m[1m[38;5;12m|[0m
  [0m[1m[38;5;12m1474[0m[0m [0m[0m[1m[38;5;12m|[0m[0m [0m[0m    pub use frame_support::pallet_macros::*;[0m
  [0m     [0m[0m[1m[38;5;12m| [0m[0m            [0m[0m[1m[38;5;10m^^^^^^^^^^^^^^^^^^^^^^^^^^^^^^^[0m[0m [0m[0m[1m[38;5;10mconsider importing it directly[0m

  [0m[1m[38;5;9merror[E0603][0m[0m[1m: attribute macro import `weight` is private[0m
  [0m    [0m[0m[1m[38;5;12m--> [0m[0m/Users/salvatore/subspace_neo/pallets/subspace/src/lib.rs:908:13[0m
  [0m     [0m[0m[1m[38;5;12m|[0m
  [0m[1m[38;5;12m908[0m[0m  [0m[0m[1m[38;5;12m|[0m[0m [0m[0m        #[pallet::weight((0, DispatchClass::Normal, Pays::No))][0m
  [0m     [0m[0m[1m[38;5;12m| [0m[0m                  [0m[0m[1m[38;5;9m^^^^^^[0m[0m [0m[0m[1m[38;5;9mprivate attribute macro import[0m
  [0m     [0m[0m[1m[38;5;12m|[0m
  [0m[1m[38;5;10mnote[0m[0m: the attribute macro import `weight` is defined here...[0m
  [0m    [0m[0m[1m[38;5;12m--> [0m[0m/Users/salvatore/subspace_neo/pallets/subspace/src/lib.rs:73:6[0m
  [0m     [0m[0m[1m[38;5;12m|[0m
  [0m[1m[38;5;12m73[0m[0m   [0m[0m[1m[38;5;12m|[0m[0m [0m[0m    use frame_support::pallet_prelude::*;[0m
  [0m     [0m[0m[1m[38;5;12m| [0m[0m        [0m[0m[1m[38;5;10m^^^^^^^^^^^^^^^^^^^^^^^^^^^^^^^^[0m
  [0m[1m[38;5;10mnote[0m[0m: ...and refers to the attribute macro `weight` which is defined here[0m
  [0m    [0m[0m[1m[38;5;12m--> [0m[0m/Users/salvatore/.cargo/git/checkouts/substrate-7e08433d4c370a21/1837f42/frame/support/src/lib.rs:1474:10[0m
  [0m     [0m[0m[1m[38;5;12m|[0m
  [0m[1m[38;5;12m1474[0m[0m [0m[0m[1m[38;5;12m|[0m[0m [0m[0m    pub use frame_support::pallet_macros::*;[0m
  [0m     [0m[0m[1m[38;5;12m| [0m[0m            [0m[0m[1m[38;5;10m^^^^^^^^^^^^^^^^^^^^^^^^^^^^^^^[0m[0m [0m[0m[1m[38;5;10mconsider importing it directly[0m

  [0m[1m[38;5;9merror[E0603][0m[0m[1m: attribute macro import `weight` is private[0m
  [0m    [0m[0m[1m[38;5;12m--> [0m[0m/Users/salvatore/subspace_neo/pallets/subspace/src/lib.rs:922:13[0m
  [0m     [0m[0m[1m[38;5;12m|[0m
  [0m[1m[38;5;12m922[0m[0m  [0m[0m[1m[38;5;12m|[0m[0m [0m[0m        #[pallet::weight((0, DispatchClass::Normal, Pays::No))][0m
  [0m     [0m[0m[1m[38;5;12m| [0m[0m                  [0m[0m[1m[38;5;9m^^^^^^[0m[0m [0m[0m[1m[38;5;9mprivate attribute macro import[0m
  [0m     [0m[0m[1m[38;5;12m|[0m
  [0m[1m[38;5;10mnote[0m[0m: the attribute macro import `weight` is defined here...[0m
  [0m    [0m[0m[1m[38;5;12m--> [0m[0m/Users/salvatore/subspace_neo/pallets/subspace/src/lib.rs:73:6[0m
  [0m     [0m[0m[1m[38;5;12m|[0m
  [0m[1m[38;5;12m73[0m[0m   [0m[0m[1m[38;5;12m|[0m[0m [0m[0m    use frame_support::pallet_prelude::*;[0m
  [0m     [0m[0m[1m[38;5;12m| [0m[0m        [0m[0m[1m[38;5;10m^^^^^^^^^^^^^^^^^^^^^^^^^^^^^^^^[0m
  [0m[1m[38;5;10mnote[0m[0m: ...and refers to the attribute macro `weight` which is defined here[0m
  [0m    [0m[0m[1m[38;5;12m--> [0m[0m/Users/salvatore/.cargo/git/checkouts/substrate-7e08433d4c370a21/1837f42/frame/support/src/lib.rs:1474:10[0m
  [0m     [0m[0m[1m[38;5;12m|[0m
  [0m[1m[38;5;12m1474[0m[0m [0m[0m[1m[38;5;12m|[0m[0m [0m[0m    pub use frame_support::pallet_macros::*;[0m
  [0m     [0m[0m[1m[38;5;12m| [0m[0m            [0m[0m[1m[38;5;10m^^^^^^^^^^^^^^^^^^^^^^^^^^^^^^^[0m[0m [0m[0m[1m[38;5;10mconsider importing it directly[0m

  [0m[1m[38;5;9merror[E0603][0m[0m[1m: attribute macro import `weight` is private[0m
  [0m    [0m[0m[1m[38;5;12m--> [0m[0m/Users/salvatore/subspace_neo/pallets/subspace/src/lib.rs:951:13[0m
  [0m     [0m[0m[1m[38;5;12m|[0m
  [0m[1m[38;5;12m951[0m[0m  [0m[0m[1m[38;5;12m|[0m[0m [0m[0m        #[pallet::weight((Weight::from_ref_time(49_882_000_000)[0m
  [0m     [0m[0m[1m[38;5;12m| [0m[0m                  [0m[0m[1m[38;5;9m^^^^^^[0m[0m [0m[0m[1m[38;5;9mprivate attribute macro import[0m
  [0m     [0m[0m[1m[38;5;12m|[0m
  [0m[1m[38;5;10mnote[0m[0m: the attribute macro import `weight` is defined here...[0m
  [0m    [0m[0m[1m[38;5;12m--> [0m[0m/Users/salvatore/subspace_neo/pallets/subspace/src/lib.rs:73:6[0m
  [0m     [0m[0m[1m[38;5;12m|[0m
  [0m[1m[38;5;12m73[0m[0m   [0m[0m[1m[38;5;12m|[0m[0m [0m[0m    use frame_support::pallet_prelude::*;[0m
  [0m     [0m[0m[1m[38;5;12m| [0m[0m        [0m[0m[1m[38;5;10m^^^^^^^^^^^^^^^^^^^^^^^^^^^^^^^^[0m
  [0m[1m[38;5;10mnote[0m[0m: ...and refers to the attribute macro `weight` which is defined here[0m
  [0m    [0m[0m[1m[38;5;12m--> [0m[0m/Users/salvatore/.cargo/git/checkouts/substrate-7e08433d4c370a21/1837f42/frame/support/src/lib.rs:1474:10[0m
  [0m     [0m[0m[1m[38;5;12m|[0m
  [0m[1m[38;5;12m1474[0m[0m [0m[0m[1m[38;5;12m|[0m[0m [0m[0m    pub use frame_support::pallet_macros::*;[0m
  [0m     [0m[0m[1m[38;5;12m| [0m[0m            [0m[0m[1m[38;5;10m^^^^^^^^^^^^^^^^^^^^^^^^^^^^^^^[0m[0m [0m[0m[1m[38;5;10mconsider importing it directly[0m

  [0m[1m[38;5;9merror[E0603][0m[0m[1m: attribute macro import `weight` is private[0m
  [0m    [0m[0m[1m[38;5;12m--> [0m[0m/Users/salvatore/subspace_neo/pallets/subspace/src/lib.rs:958:13[0m
  [0m     [0m[0m[1m[38;5;12m|[0m
  [0m[1m[38;5;12m958[0m[0m  [0m[0m[1m[38;5;12m|[0m[0m [0m[0m        #[pallet::weight((Weight::from_ref_time(117_586_465_000 as u64)[0m
  [0m     [0m[0m[1m[38;5;12m| [0m[0m                  [0m[0m[1m[38;5;9m^^^^^^[0m[0m [0m[0m[1m[38;5;9mprivate attribute macro import[0m
  [0m     [0m[0m[1m[38;5;12m|[0m
  [0m[1m[38;5;10mnote[0m[0m: the attribute macro import `weight` is defined here...[0m
  [0m    [0m[0m[1m[38;5;12m--> [0m[0m/Users/salvatore/subspace_neo/pallets/subspace/src/lib.rs:73:6[0m
  [0m     [0m[0m[1m[38;5;12m|[0m
  [0m[1m[38;5;12m73[0m[0m   [0m[0m[1m[38;5;12m|[0m[0m [0m[0m    use frame_support::pallet_prelude::*;[0m
  [0m     [0m[0m[1m[38;5;12m| [0m[0m        [0m[0m[1m[38;5;10m^^^^^^^^^^^^^^^^^^^^^^^^^^^^^^^^[0m
  [0m[1m[38;5;10mnote[0m[0m: ...and refers to the attribute macro `weight` which is defined here[0m
  [0m    [0m[0m[1m[38;5;12m--> [0m[0m/Users/salvatore/.cargo/git/checkouts/substrate-7e08433d4c370a21/1837f42/frame/support/src/lib.rs:1474:10[0m
  [0m     [0m[0m[1m[38;5;12m|[0m
  [0m[1m[38;5;12m1474[0m[0m [0m[0m[1m[38;5;12m|[0m[0m [0m[0m    pub use frame_support::pallet_macros::*;[0m
  [0m     [0m[0m[1m[38;5;12m| [0m[0m            [0m[0m[1m[38;5;10m^^^^^^^^^^^^^^^^^^^^^^^^^^^^^^^[0m[0m [0m[0m[1m[38;5;10mconsider importing it directly[0m

  [0m[1m[38;5;9merror[E0603][0m[0m[1m: attribute macro import `weight` is private[0m
  [0m    [0m[0m[1m[38;5;12m--> [0m[0m/Users/salvatore/subspace_neo/pallets/subspace/src/lib.rs:965:13[0m
  [0m     [0m[0m[1m[38;5;12m|[0m
  [0m[1m[38;5;12m965[0m[0m  [0m[0m[1m[38;5;12m|[0m[0m [0m[0m        #[pallet::weight((0, DispatchClass::Normal, Pays::No))][0m
  [0m     [0m[0m[1m[38;5;12m| [0m[0m                  [0m[0m[1m[38;5;9m^^^^^^[0m[0m [0m[0m[1m[38;5;9mprivate attribute macro import[0m
  [0m     [0m[0m[1m[38;5;12m|[0m
  [0m[1m[38;5;10mnote[0m[0m: the attribute macro import `weight` is defined here...[0m
  [0m    [0m[0m[1m[38;5;12m--> [0m[0m/Users/salvatore/subspace_neo/pallets/subspace/src/lib.rs:73:6[0m
  [0m     [0m[0m[1m[38;5;12m|[0m
  [0m[1m[38;5;12m73[0m[0m   [0m[0m[1m[38;5;12m|[0m[0m [0m[0m    use frame_support::pallet_prelude::*;[0m
  [0m     [0m[0m[1m[38;5;12m| [0m[0m        [0m[0m[1m[38;5;10m^^^^^^^^^^^^^^^^^^^^^^^^^^^^^^^^[0m
  [0m[1m[38;5;10mnote[0m[0m: ...and refers to the attribute macro `weight` which is defined here[0m
  [0m    [0m[0m[1m[38;5;12m--> [0m[0m/Users/salvatore/.cargo/git/checkouts/substrate-7e08433d4c370a21/1837f42/frame/support/src/lib.rs:1474:10[0m
  [0m     [0m[0m[1m[38;5;12m|[0m
  [0m[1m[38;5;12m1474[0m[0m [0m[0m[1m[38;5;12m|[0m[0m [0m[0m    pub use frame_support::pallet_macros::*;[0m
  [0m     [0m[0m[1m[38;5;12m| [0m[0m            [0m[0m[1m[38;5;10m^^^^^^^^^^^^^^^^^^^^^^^^^^^^^^^[0m[0m [0m[0m[1m[38;5;10mconsider importing it directly[0m

  [0m[1m[33mwarning[0m[0m[1m: unused import: `substrate_fixed::types::I110F18`[0m
  [0m [0m[0m[1m[38;5;12m--> [0m[0m/Users/salvatore/subspace_neo/pallets/subspace/src/block_step.rs:2:5[0m
  [0m  [0m[0m[1m[38;5;12m|[0m
  [0m[1m[38;5;12m2[0m[0m [0m[0m[1m[38;5;12m|[0m[0m [0m[0muse substrate_fixed::types::I110F18;[0m
  [0m  [0m[0m[1m[38;5;12m| [0m[0m    [0m[0m[1m[33m^^^^^^^^^^^^^^^^^^^^^^^^^^^^^^^[0m
  [0m  [0m[0m[1m[38;5;12m|[0m
  [0m  [0m[0m[1m[38;5;12m= [0m[0m[1mnote[0m[0m: `#[warn(unused_imports)]` on by default[0m

  [0m[1m[33mwarning[0m[0m[1m: unused import: `substrate_fixed::types::I64F64`[0m
  [0m [0m[0m[1m[38;5;12m--> [0m[0m/Users/salvatore/subspace_neo/pallets/subspace/src/block_step.rs:3:5[0m
  [0m  [0m[0m[1m[38;5;12m|[0m
  [0m[1m[38;5;12m3[0m[0m [0m[0m[1m[38;5;12m|[0m[0m [0m[0muse substrate_fixed::types::I64F64;[0m
  [0m  [0m[0m[1m[38;5;12m| [0m[0m    [0m[0m[1m[33m^^^^^^^^^^^^^^^^^^^^^^^^^^^^^^[0m

  [0m[1m[33mwarning[0m[0m[1m: unused import: `sp_std::vec`[0m
  [0m [0m[0m[1m[38;5;12m--> [0m[0m/Users/salvatore/subspace_neo/pallets/subspace/src/network.rs:3:21[0m
  [0m  [0m[0m[1m[38;5;12m|[0m
  [0m[1m[38;5;12m3[0m[0m [0m[0m[1m[38;5;12m|[0m[0m [0m[0muse frame_support::{sp_std::vec};[0m
  [0m  [0m[0m[1m[38;5;12m| [0m[0m                    [0m[0m[1m[33m^^^^^^^^^^^[0m

  [0m[1m[33mwarning[0m[0m[1m: unused import: `sp_std::convert::TryInto`[0m
  [0m [0m[0m[1m[38;5;12m--> [0m[0m/Users/salvatore/subspace_neo/pallets/subspace/src/registration.rs:3:5[0m
  [0m  [0m[0m[1m[38;5;12m|[0m
  [0m[1m[38;5;12m3[0m[0m [0m[0m[1m[38;5;12m|[0m[0m [0m[0muse sp_std::convert::TryInto;[0m
  [0m  [0m[0m[1m[38;5;12m| [0m[0m    [0m[0m[1m[33m^^^^^^^^^^^^^^^^^^^^^^^^[0m

  [0m[1m[33mwarning[0m[0m[1m: unused imports: `H256`, `U256`[0m
  [0m [0m[0m[1m[38;5;12m--> [0m[0m/Users/salvatore/subspace_neo/pallets/subspace/src/registration.rs:4:15[0m
  [0m  [0m[0m[1m[38;5;12m|[0m
  [0m[1m[38;5;12m4[0m[0m [0m[0m[1m[38;5;12m|[0m[0m [0m[0muse sp_core::{H256, U256};[0m
  [0m  [0m[0m[1m[38;5;12m| [0m[0m              [0m[0m[1m[33m^^^^[0m[0m  [0m[0m[1m[33m^^^^[0m

  [0m[1m[33mwarning[0m[0m[1m: unused import: `crate::system::ensure_root`[0m
  [0m [0m[0m[1m[38;5;12m--> [0m[0m/Users/salvatore/subspace_neo/pallets/subspace/src/registration.rs:5:5[0m
  [0m  [0m[0m[1m[38;5;12m|[0m
  [0m[1m[38;5;12m5[0m[0m [0m[0m[1m[38;5;12m|[0m[0m [0m[0muse crate::system::ensure_root;[0m
  [0m  [0m[0m[1m[38;5;12m| [0m[0m    [0m[0m[1m[33m^^^^^^^^^^^^^^^^^^^^^^^^^^[0m

  [0m[1m[33mwarning[0m[0m[1m: unused import: `sp_io::hashing::sha2_256`[0m
  [0m [0m[0m[1m[38;5;12m--> [0m[0m/Users/salvatore/subspace_neo/pallets/subspace/src/registration.rs:6:5[0m
  [0m  [0m[0m[1m[38;5;12m|[0m
  [0m[1m[38;5;12m6[0m[0m [0m[0m[1m[38;5;12m|[0m[0m [0m[0muse sp_io::hashing::sha2_256;[0m
  [0m  [0m[0m[1m[38;5;12m| [0m[0m    [0m[0m[1m[33m^^^^^^^^^^^^^^^^^^^^^^^^[0m

  [0m[1m[33mwarning[0m[0m[1m: unused import: `sp_io::hashing::keccak_256`[0m
  [0m [0m[0m[1m[38;5;12m--> [0m[0m/Users/salvatore/subspace_neo/pallets/subspace/src/registration.rs:7:5[0m
  [0m  [0m[0m[1m[38;5;12m|[0m
  [0m[1m[38;5;12m7[0m[0m [0m[0m[1m[38;5;12m|[0m[0m [0m[0muse sp_io::hashing::keccak_256;[0m
  [0m  [0m[0m[1m[38;5;12m| [0m[0m    [0m[0m[1m[33m^^^^^^^^^^^^^^^^^^^^^^^^^^[0m

  [0m[1m[33mwarning[0m[0m[1m: unused import: `sp_std::vec::Vec`[0m
  [0m [0m[0m[1m[38;5;12m--> [0m[0m/Users/salvatore/subspace_neo/pallets/subspace/src/registration.rs:9:5[0m
  [0m  [0m[0m[1m[38;5;12m|[0m
  [0m[1m[38;5;12m9[0m[0m [0m[0m[1m[38;5;12m|[0m[0m [0m[0muse sp_std::vec::Vec;[0m
  [0m  [0m[0m[1m[38;5;12m| [0m[0m    [0m[0m[1m[33m^^^^^^^^^^^^^^^^[0m

  [0m[1m[33mwarning[0m[0m[1m: unused import: `substrate_fixed::types::I32F32`[0m
  [0m  [0m[0m[1m[38;5;12m--> [0m[0m/Users/salvatore/subspace_neo/pallets/subspace/src/registration.rs:10:5[0m
  [0m   [0m[0m[1m[38;5;12m|[0m
  [0m[1m[38;5;12m10[0m[0m [0m[0m[1m[38;5;12m|[0m[0m [0m[0muse substrate_fixed::types::I32F32;[0m
  [0m   [0m[0m[1m[38;5;12m| [0m[0m    [0m[0m[1m[33m^^^^^^^^^^^^^^^^^^^^^^^^^^^^^^[0m

  [0m[1m[33mwarning[0m[0m[1m: unused import: `frame_support::sp_std::vec`[0m
  [0m [0m[0m[1m[38;5;12m--> [0m[0m/Users/salvatore/subspace_neo/pallets/subspace/src/serving.rs:3:5[0m
  [0m  [0m[0m[1m[38;5;12m|[0m
  [0m[1m[38;5;12m3[0m[0m [0m[0m[1m[38;5;12m|[0m[0m [0m[0muse frame_support::sp_std::vec;[0m
  [0m  [0m[0m[1m[38;5;12m| [0m[0m    [0m[0m[1m[33m^^^^^^^^^^^^^^^^^^^^^^^^^^[0m

  [0m[1m[33mwarning[0m[0m[1m: unused import: `frame_support::storage::IterableStorageMap`[0m
  [0m [0m[0m[1m[38;5;12m--> [0m[0m/Users/salvatore/subspace_neo/pallets/subspace/src/uids.rs:4:5[0m
  [0m  [0m[0m[1m[38;5;12m|[0m
  [0m[1m[38;5;12m4[0m[0m [0m[0m[1m[38;5;12m|[0m[0m [0m[0muse frame_support::storage::IterableStorageMap;[0m
  [0m  [0m[0m[1m[38;5;12m| [0m[0m    [0m[0m[1m[33m^^^^^^^^^^^^^^^^^^^^^^^^^^^^^^^^^^^^^^^^^^[0m

  [0m[1m[33mwarning[0m[0m[1m: unused import: `frame_system::pallet_prelude::*`[0m
  [0m  [0m[0m[1m[38;5;12m--> [0m[0m/Users/salvatore/subspace_neo/pallets/subspace/src/lib.rs:74:6[0m
  [0m   [0m[0m[1m[38;5;12m|[0m
  [0m[1m[38;5;12m74[0m[0m [0m[0m[1m[38;5;12m|[0m[0m [0m[0m    use frame_system::pallet_prelude::*;[0m
  [0m   [0m[0m[1m[38;5;12m| [0m[0m        [0m[0m[1m[33m^^^^^^^^^^^^^^^^^^^^^^^^^^^^^^^[0m

  [0m[1m[33mwarning[0m[0m[1m: unused imports: `Deserialize`, `Serialize`[0m
  [0m  [0m[0m[1m[38;5;12m--> [0m[0m/Users/salvatore/subspace_neo/pallets/subspace/src/lib.rs:77:14[0m
  [0m   [0m[0m[1m[38;5;12m|[0m
  [0m[1m[38;5;12m77[0m[0m [0m[0m[1m[38;5;12m|[0m[0m [0m[0m    use serde::{Serialize, Deserialize};[0m
  [0m   [0m[0m[1m[38;5;12m| [0m[0m                [0m[0m[1m[33m^^^^^^^^^[0m[0m  [0m[0m[1m[33m^^^^^^^^^^^[0m

  [0m[1m[33mwarning[0m[0m[1m: unused imports: `DisplayFromStr`, `serde_as`[0m
  [0m  [0m[0m[1m[38;5;12m--> [0m[0m/Users/salvatore/subspace_neo/pallets/subspace/src/lib.rs:78:19[0m
  [0m   [0m[0m[1m[38;5;12m|[0m
  [0m[1m[38;5;12m78[0m[0m [0m[0m[1m[38;5;12m|[0m[0m [0m[0m    use serde_with::{serde_as, DisplayFromStr};[0m
  [0m   [0m[0m[1m[38;5;12m| [0m[0m                     [0m[0m[1m[33m^^^^^^^^[0m[0m  [0m[0m[1m[33m^^^^^^^^^^^^^^[0m

  [0m[1m[33mwarning[0m[0m[1m: unused import: `scale_info::prelude::string::String`[0m
  [0m  [0m[0m[1m[38;5;12m--> [0m[0m/Users/salvatore/subspace_neo/pallets/subspace/src/lib.rs:80:6[0m
  [0m   [0m[0m[1m[38;5;12m|[0m
  [0m[1m[38;5;12m80[0m[0m [0m[0m[1m[38;5;12m|[0m[0m [0m[0m    use scale_info::prelude::string::String;[0m
  [0m   [0m[0m[1m[38;5;12m| [0m[0m        [0m[0m[1m[33m^^^^^^^^^^^^^^^^^^^^^^^^^^^^^^^^^^^[0m

  [0m[1mSome errors have detailed explanations: E0405, E0412, E0425, E0433, E0603.[0m
  [0m[1mFor more information about an error, try `rustc --explain E0405`.[0m
  [0m[0m[1m[33mwarning[0m[1m:[0m `pallet-subspace` (lib) generated 16 warnings
  [0m[0m[1m[31merror[0m[1m:[0m could not compile `pallet-subspace` (lib) due to 36 previous errors; 16 warnings emitted
